21.9.2023, 17:40:38 - ERROR - Cannot delete toy | No Such Toy
21.9.2023, 18:08:09 - ERROR - Cannot delete toy | ReferenceError: cars is not defined
21.9.2023, 18:08:33 - ERROR - Cannot delete toy | ReferenceError: toys is not defined
21.9.2023, 20:35:39 - ERROR - Cannot get toy | Toy not found!
21.9.2023, 20:35:40 - ERROR - Cannot get toy | Toy not found!
21.9.2023, 20:37:04 - ERROR - Cannot get toy | Toy not found!
21.9.2023, 20:37:05 - ERROR - Cannot get toy | Toy not found!
21.9.2023, 20:37:05 - ERROR - Cannot get toy | Toy not found!
21.9.2023, 20:37:13 - ERROR - Cannot get toy | Toy not found!
28.9.2023, 15:10:06 - INFO - server.js is loaded
28.9.2023, 15:54:53 - INFO - server.js is loaded
28.9.2023, 16:08:46 - INFO - server.js is loaded
28.9.2023, 16:08:55 - INFO - server.js is loaded
28.9.2023, 16:13:10 - INFO - server.js is loaded
28.9.2023, 16:13:11 - ERROR - while finding toy 6Xv4z | Error: Argument passed in must be a single String of 12 bytes or a string of 24 hex characters
28.9.2023, 16:13:11 - ERROR - Failed to get toy | Error: Argument passed in must be a single String of 12 bytes or a string of 24 hex characters
28.9.2023, 16:13:11 - INFO - Req was made | /
28.9.2023, 16:13:11 - DEBUG - Getting Toys | {"txt":""}
28.9.2023, 16:13:11 - INFO - Req was made | /
28.9.2023, 16:13:11 - DEBUG - Getting Toys | {"txt":""}
28.9.2023, 16:14:06 - ERROR - while finding toy 6Xv4z | Error: Argument passed in must be a single String of 12 bytes or a string of 24 hex characters
28.9.2023, 16:14:06 - ERROR - Failed to get toy | Error: Argument passed in must be a single String of 12 bytes or a string of 24 hex characters
28.9.2023, 16:14:27 - ERROR - while finding toy 6Xv4z | Error: Argument passed in must be a single String of 12 bytes or a string of 24 hex characters
28.9.2023, 16:14:27 - ERROR - Failed to get toy | Error: Argument passed in must be a single String of 12 bytes or a string of 24 hex characters
28.9.2023, 16:14:27 - INFO - Req was made | /
28.9.2023, 16:14:27 - DEBUG - Getting Toys | {"txt":""}
28.9.2023, 16:14:27 - INFO - Req was made | /
28.9.2023, 16:14:27 - DEBUG - Getting Toys | {"txt":""}
28.9.2023, 16:15:26 - INFO - Req was made | /
28.9.2023, 16:15:26 - DEBUG - Getting Toys | {"txt":""}
28.9.2023, 16:15:34 - ERROR - while finding toy 6Xv4z | Error: Argument passed in must be a single String of 12 bytes or a string of 24 hex characters
28.9.2023, 16:15:34 - ERROR - Failed to get toy | Error: Argument passed in must be a single String of 12 bytes or a string of 24 hex characters
28.9.2023, 16:15:42 - INFO - Req was made | /
28.9.2023, 16:15:42 - DEBUG - Getting Toys | {"txt":""}
28.9.2023, 16:15:55 - INFO - Req was made | /
28.9.2023, 16:15:55 - DEBUG - Getting Toys | {"txt":""}
28.9.2023, 16:18:55 - INFO - Req was made | /
28.9.2023, 16:18:55 - DEBUG - Getting Toys | {"txt":""}
28.9.2023, 16:33:20 - INFO - server.js is loaded
28.9.2023, 17:15:28 - INFO - server.js is loaded
28.9.2023, 17:52:17 - INFO - server.js is loaded
28.9.2023, 17:55:47 - INFO - Req was made | /
28.9.2023, 17:55:47 - DEBUG - Getting Toys | {"txt":""}
28.9.2023, 17:55:47 - ERROR - cannot find toys | MongoError: $in needs an array
28.9.2023, 17:55:47 - ERROR - Failed to get toys | MongoError: $in needs an array
28.9.2023, 17:55:58 - INFO - Req was made | /
28.9.2023, 17:55:58 - DEBUG - Getting Toys | {"txt":""}
28.9.2023, 17:55:58 - ERROR - cannot find toys | MongoError: $in needs an array
28.9.2023, 17:55:58 - ERROR - Failed to get toys | MongoError: $in needs an array
28.9.2023, 17:56:45 - INFO - server.js is loaded
28.9.2023, 17:57:00 - INFO - Req was made | /
28.9.2023, 17:57:00 - DEBUG - Getting Toys | {"txt":""}
28.9.2023, 17:57:17 - INFO - Req was made | /
28.9.2023, 17:57:17 - DEBUG - Getting Toys | {"txt":""}
28.9.2023, 17:58:03 - INFO - server.js is loaded
28.9.2023, 17:58:07 - INFO - Req was made | /
28.9.2023, 17:58:07 - DEBUG - Getting Toys | {"txt":""}
28.9.2023, 17:58:51 - INFO - server.js is loaded
28.9.2023, 17:58:56 - INFO - Req was made | /
28.9.2023, 17:58:56 - DEBUG - Getting Toys | {"txt":"robot"}
28.9.2023, 17:59:16 - INFO - Req was made | /
28.9.2023, 17:59:16 - DEBUG - Getting Toys | {"txt":"robot"}
28.9.2023, 17:59:21 - INFO - Req was made | /
28.9.2023, 17:59:21 - DEBUG - Getting Toys | {"txt":""}
28.9.2023, 17:59:59 - INFO - server.js is loaded
28.9.2023, 18:00:00 - INFO - Req was made | /
28.9.2023, 18:00:00 - DEBUG - Getting Toys | {"txt":"","inStock":"false"}
28.9.2023, 18:00:22 - INFO - server.js is loaded
28.9.2023, 18:00:27 - INFO - Req was made | /
28.9.2023, 18:00:27 - DEBUG - Getting Toys | {"txt":"","inStock":true}
28.9.2023, 18:19:09 - INFO - server.js is loaded
29.9.2023, 15:41:21 - INFO - Req was made | /
29.9.2023, 15:41:21 - DEBUG - Getting Toys | {"txt":"","inStock":""}
29.9.2023, 15:41:22 - INFO - Req was made | /
29.9.2023, 15:41:22 - DEBUG - Getting Toys | {"txt":"","inStock":""}
29.9.2023, 15:43:13 - INFO - Req was made | /
29.9.2023, 15:43:13 - DEBUG - Getting Toys | {"txt":"","inStock":""}
29.9.2023, 15:43:14 - INFO - Req was made | /
29.9.2023, 15:43:14 - DEBUG - Getting Toys | {"txt":"","inStock":""}
30.9.2023, 17:48:01 - INFO - Req was made | /
30.9.2023, 17:48:01 - DEBUG - Getting Toys | {"txt":"","inStock":""}
30.9.2023, 17:48:02 - INFO - Req was made | /
30.9.2023, 17:48:02 - DEBUG - Getting Toys | {"txt":"","inStock":""}
30.9.2023, 17:48:07 - INFO - Req was made | /
30.9.2023, 17:48:07 - DEBUG - Getting Toys | {"txt":"","inStock":""}
30.9.2023, 17:48:07 - INFO - Req was made | /
30.9.2023, 17:48:07 - DEBUG - Getting Toys | {"txt":"","inStock":""}
30.9.2023, 17:53:42 - INFO - server.js is loaded
30.9.2023, 17:57:01 - DEBUG - auth.service - signup with username: undefined, fullname: undefined
30.9.2023, 17:57:01 - ERROR - Failed to signup Error: Missing details
30.9.2023, 18:00:34 - DEBUG - auth.service - signup with username: undefined, fullname: undefined
30.9.2023, 18:00:34 - ERROR - Failed to signup Error: Missing details
30.9.2023, 18:01:21 - DEBUG - auth.service - signup with username: undefined, fullname: undefined
30.9.2023, 18:01:21 - ERROR - Failed to signup Error: Missing details
30.9.2023, 18:03:11 - INFO - server.js is loaded
30.9.2023, 18:03:14 - DEBUG - auth.service - signup with username: undefined, fullname: undefined
30.9.2023, 18:03:14 - ERROR - Failed to signup Error: Missing details
30.9.2023, 18:03:33 - INFO - server.js is loaded
30.9.2023, 18:03:35 - DEBUG - auth.service - signup with username: undefined, fullname: undefined
30.9.2023, 18:03:35 - ERROR - Failed to signup Error: Missing details
30.9.2023, 18:04:10 - INFO - server.js is loaded
30.9.2023, 18:04:13 - DEBUG - auth.service - signup with username: undefined, fullname: undefined
30.9.2023, 18:04:13 - ERROR - Failed to signup Error: Missing details
30.9.2023, 18:14:56 - DEBUG - auth.service - signup with username: tamir, fullname: tamir
30.9.2023, 18:14:56 - DEBUG - auth.route - new account created: {"username":"tamir","password":"$2b$10$u4UTNWtRrc4CPBU57A39/Ou8KOW7t3cxF0184pCwn7OEJwSmRCjnS","fullname":"tamir","score":0,"_id":"65183b701045fb56dc6ce4d5"}
30.9.2023, 18:14:56 - DEBUG - auth.service - login with username: tamir
30.9.2023, 18:15:58 - DEBUG - auth.service - signup with username: tamir, fullname: tamir
30.9.2023, 18:15:58 - ERROR - cannot insert user | Error: Username taken
30.9.2023, 18:15:58 - ERROR - Failed to signup Error: Username taken
30.9.2023, 18:18:59 - INFO - server.js is loaded
30.9.2023, 18:19:13 - DEBUG - auth.service - signup with username: puki, fullname: puki
30.9.2023, 18:19:13 - DEBUG - auth.route - new account created: {"username":"puki","password":"$2b$10$nblDNe1RbXdD0DdZImCEW.In0/gsVJ386gZPc1ZNJ5Yfv/o06PsgS","fullname":"puki","score":0,"_id":"65183c710934655320a54c33"}
30.9.2023, 18:19:13 - DEBUG - auth.service - login with username: puki
30.9.2023, 18:28:33 - DEBUG - auth.service - login with username: puki
30.9.2023, 18:28:34 - INFO - User login:  | {"_id":"65183c710934655320a54c33","username":"puki","fullname":"puki","score":0}
30.9.2023, 18:29:51 - DEBUG - auth.service - login with username: tamir
30.9.2023, 18:29:51 - INFO - User login:  | {"_id":"65183b701045fb56dc6ce4d5","username":"tamir","fullname":"tamir","score":0}
30.9.2023, 18:32:34 - DEBUG - auth.service - signup with username: toto, fullname: toto
30.9.2023, 18:32:34 - DEBUG - auth.route - new account created: {"username":"toto","password":"$2b$10$Wc438kV8lPVziYsVKQ.Lsu/3A8DeCeNFQOkEalRnYAyxqFNYy09Fa","fullname":"toto","score":0,"_id":"65183f920934655320a54c34"}
30.9.2023, 18:32:34 - DEBUG - auth.service - login with username: toto
30.9.2023, 18:37:56 - DEBUG - auth.service - signup with username: toto2, fullname: toto2
30.9.2023, 18:37:56 - DEBUG - auth.route - new account created: {"username":"toto2","password":"$2b$10$fn5ySa65ES3rpEhCgrHTf.b5CRK/JjYubcOAppXccMQndLzTFHnje","fullname":"toto2","score":0,"_id":"651840d40934655320a54c35"}
30.9.2023, 18:37:56 - DEBUG - auth.service - login with username: toto2
30.9.2023, 18:41:34 - DEBUG - auth.service - login with username: puki
30.9.2023, 18:41:34 - INFO - User login:  | {"_id":"65183c710934655320a54c33","username":"puki","fullname":"puki","score":0}
30.9.2023, 18:45:09 - INFO - Req was made | /
30.9.2023, 18:45:09 - DEBUG - Getting Toys | {"txt":"","inStock":""}
30.9.2023, 18:45:09 - INFO - Req was made | /
30.9.2023, 18:45:09 - DEBUG - Getting Toys | {"txt":"","inStock":""}
30.9.2023, 18:45:23 - INFO - Req was made | /
30.9.2023, 18:45:23 - DEBUG - Getting Toys | {"txt":"p","inStock":""}
30.9.2023, 18:45:25 - INFO - Req was made | /
30.9.2023, 18:45:25 - DEBUG - Getting Toys | {"txt":"puz","inStock":""}
30.9.2023, 18:45:26 - INFO - Req was made | /
30.9.2023, 18:45:26 - DEBUG - Getting Toys | {"txt":"pu","inStock":""}
30.9.2023, 18:45:26 - INFO - Req was made | /
30.9.2023, 18:45:26 - DEBUG - Getting Toys | {"txt":"","inStock":""}
30.9.2023, 18:45:30 - INFO - Req was made | /
30.9.2023, 18:45:30 - DEBUG - Getting Toys | {"txt":"","inStock":true}
30.9.2023, 18:45:32 - INFO - Req was made | /
30.9.2023, 18:45:32 - DEBUG - Getting Toys | {"txt":"","inStock":true}
30.9.2023, 18:45:35 - INFO - Req was made | /
30.9.2023, 18:45:36 - DEBUG - Getting Toys | {"txt":"","inStock":true}
30.9.2023, 18:45:36 - INFO - Req was made | /
30.9.2023, 18:45:36 - DEBUG - Getting Toys | {"txt":"","inStock":true}
30.9.2023, 18:45:37 - INFO - Req was made | /
30.9.2023, 18:45:37 - DEBUG - Getting Toys | {"txt":"","inStock":true}
30.9.2023, 18:45:42 - INFO - Req was made | /
30.9.2023, 18:45:42 - DEBUG - Getting Toys | {"txt":"","inStock":true}
30.9.2023, 18:45:42 - INFO - Req was made | /
30.9.2023, 18:45:42 - DEBUG - Getting Toys | {"txt":"","inStock":true}
30.9.2023, 18:45:43 - INFO - Req was made | /
30.9.2023, 18:45:43 - DEBUG - Getting Toys | {"txt":"","inStock":true}
30.9.2023, 18:46:22 - INFO - Req was made | /
30.9.2023, 18:46:22 - DEBUG - Getting Toys | {"txt":"","inStock":true}
30.9.2023, 18:47:19 - INFO - Req was made | /
30.9.2023, 18:47:19 - DEBUG - Getting Toys | {"txt":"","inStock":true}
30.9.2023, 18:47:19 - INFO - Req was made | /
30.9.2023, 18:47:19 - DEBUG - Getting Toys | {"txt":"","inStock":true}
30.9.2023, 18:47:22 - INFO - Req was made | /
30.9.2023, 18:47:22 - DEBUG - Getting Toys | {"txt":"","inStock":true}
30.9.2023, 18:52:29 - DEBUG - auth.service - login with username: puki
30.9.2023, 18:52:29 - INFO - User login:  | {"_id":"65183c710934655320a54c33","username":"puki","fullname":"puki","score":0}
30.9.2023, 20:47:12 - INFO - server.js is loaded
30.9.2023, 21:03:05 - DEBUG - auth.service - login with username: puki
30.9.2023, 21:03:06 - INFO - User login:  | {"_id":"65183c710934655320a54c33","username":"puki","fullname":"puki","score":0}
30.9.2023, 21:11:37 - DEBUG - auth.service - login with username: puki
30.9.2023, 21:11:37 - INFO - User login:  | {"_id":"65183c710934655320a54c33","username":"puki","fullname":"puki","score":0}
30.9.2023, 21:13:27 - DEBUG - auth.service - login with username: puki
30.9.2023, 21:13:28 - INFO - User login:  | {"_id":"65183c710934655320a54c33","username":"puki","fullname":"puki","score":0}
30.9.2023, 21:14:58 - DEBUG - auth.service - login with username: puki
30.9.2023, 21:14:58 - INFO - User login:  | {"_id":"65183c710934655320a54c33","username":"puki","fullname":"puki","score":0}
30.9.2023, 21:15:20 - DEBUG - auth.service - login with username: puki
30.9.2023, 21:15:20 - INFO - User login:  | {"_id":"65183c710934655320a54c33","username":"puki","fullname":"puki","score":0}
30.9.2023, 21:15:44 - DEBUG - auth.service - login with username: puki
30.9.2023, 21:15:44 - INFO - User login:  | {"_id":"65183c710934655320a54c33","username":"puki","fullname":"puki","score":0}
30.9.2023, 21:18:38 - DEBUG - auth.service - login with username: puki
30.9.2023, 21:18:38 - INFO - User login:  | {"_id":"65183c710934655320a54c33","username":"puki","fullname":"puki","score":0}
30.9.2023, 21:19:15 - DEBUG - auth.service - login with username: puki
30.9.2023, 21:19:15 - INFO - User login:  | {"_id":"65183c710934655320a54c33","username":"puki","fullname":"puki","score":0}
30.9.2023, 21:19:24 - DEBUG - auth.service - login with username: puki
30.9.2023, 21:19:25 - INFO - User login:  | {"_id":"65183c710934655320a54c33","username":"puki","fullname":"puki","score":0}
30.9.2023, 21:19:46 - DEBUG - auth.service - login with username: puki
30.9.2023, 21:19:46 - INFO - User login:  | {"_id":"65183c710934655320a54c33","username":"puki","fullname":"puki","score":0}
30.9.2023, 21:20:00 - DEBUG - auth.service - login with username: puki
30.9.2023, 21:20:00 - INFO - User login:  | {"_id":"65183c710934655320a54c33","username":"puki","fullname":"puki","score":0}
30.9.2023, 21:20:24 - DEBUG - auth.service - login with username: puki
30.9.2023, 21:20:25 - INFO - User login:  | {"_id":"65183c710934655320a54c33","username":"puki","fullname":"puki","score":0}
30.9.2023, 21:21:04 - DEBUG - auth.service - login with username: puki
30.9.2023, 21:21:04 - INFO - User login:  | {"_id":"65183c710934655320a54c33","username":"puki","fullname":"puki","score":0}
30.9.2023, 21:21:13 - DEBUG - auth.service - login with username: puki
30.9.2023, 21:21:14 - INFO - User login:  | {"_id":"65183c710934655320a54c33","username":"puki","fullname":"puki","score":0}
30.9.2023, 21:21:22 - DEBUG - auth.service - login with username: puki
30.9.2023, 21:21:22 - INFO - User login:  | {"_id":"65183c710934655320a54c33","username":"puki","fullname":"puki","score":0}
30.9.2023, 21:21:29 - DEBUG - auth.service - login with username: puki
30.9.2023, 21:21:30 - INFO - User login:  | {"_id":"65183c710934655320a54c33","username":"puki","fullname":"puki","score":0}
30.9.2023, 21:22:24 - DEBUG - auth.service - login with username: puki
30.9.2023, 21:22:24 - INFO - User login:  | {"_id":"65183c710934655320a54c33","username":"puki","fullname":"puki","score":0}
30.9.2023, 21:22:31 - DEBUG - auth.service - login with username: puki
30.9.2023, 21:22:31 - INFO - User login:  | {"_id":"65183c710934655320a54c33","username":"puki","fullname":"puki","score":0}
30.9.2023, 21:23:05 - DEBUG - auth.service - login with username: puki
30.9.2023, 21:23:05 - INFO - User login:  | {"_id":"65183c710934655320a54c33","username":"puki","fullname":"puki","score":0}
30.9.2023, 21:23:28 - DEBUG - auth.service - login with username: puki
30.9.2023, 21:23:29 - INFO - User login:  | {"_id":"65183c710934655320a54c33","username":"puki","fullname":"puki","score":0}
30.9.2023, 21:24:01 - DEBUG - auth.service - login with username: puki
30.9.2023, 21:24:01 - INFO - User login:  | {"_id":"65183c710934655320a54c33","username":"puki","fullname":"puki","score":0}
30.9.2023, 21:24:15 - DEBUG - auth.service - signup with username: tut, fullname: tut
30.9.2023, 21:24:15 - DEBUG - auth.route - new account created: {"username":"tut","password":"$2b$10$RPWATUrPtx9YanVITSWtueEyer1mhQEyXM7je0tPHzg9jVKASZ4Iy","fullname":"tut","score":0,"_id":"651867cff21dd36024ec4758"}
30.9.2023, 21:24:15 - DEBUG - auth.service - login with username: tut
30.9.2023, 21:24:28 - DEBUG - auth.service - signup with username: tut, fullname: tut
30.9.2023, 21:24:29 - ERROR - cannot insert user | Error: Username taken
30.9.2023, 21:24:29 - ERROR - Failed to signup Error: Username taken
30.9.2023, 21:25:38 - DEBUG - auth.service - login with username: tut
30.9.2023, 21:25:38 - INFO - User login:  | {"_id":"651867cff21dd36024ec4758","username":"tut","fullname":"tut","score":0}
30.9.2023, 21:25:49 - DEBUG - auth.service - login with username: tut
30.9.2023, 21:25:49 - INFO - User login:  | {"_id":"651867cff21dd36024ec4758","username":"tut","fullname":"tut","score":0}
30.9.2023, 22:50:21 - DEBUG - auth.service - login with username: tamir
30.9.2023, 22:50:21 - INFO - User login:  | {"_id":"65183b701045fb56dc6ce4d5","username":"tamir","fullname":"tamir","score":0}
30.9.2023, 22:54:26 - DEBUG - auth.service - login with username: tamir2
30.9.2023, 22:54:26 - ERROR - Failed to Login Error: Invalid username or password
30.9.2023, 22:54:55 - DEBUG - auth.service - login with username: tamir2
30.9.2023, 22:54:55 - ERROR - Failed to Login Error: Invalid username or password
30.9.2023, 23:17:43 - INFO - Req was made | /
30.9.2023, 23:17:43 - DEBUG - Getting Toys | {"txt":"","inStock":""}
30.9.2023, 23:17:44 - INFO - Req was made | /
30.9.2023, 23:17:44 - DEBUG - Getting Toys | {"txt":"","inStock":""}
30.9.2023, 23:17:55 - DEBUG - auth.service - login with username: tamir
30.9.2023, 23:17:55 - INFO - User login:  | {"_id":"65183b701045fb56dc6ce4d5","username":"tamir","fullname":"tamir","score":0}
30.9.2023, 23:18:26 - INFO - Req was made | /
30.9.2023, 23:18:26 - DEBUG - Getting Toys | {"txt":"","inStock":""}
30.9.2023, 23:18:27 - INFO - Req was made | /
30.9.2023, 23:18:27 - DEBUG - Getting Toys | {"txt":"","inStock":""}
30.9.2023, 23:18:54 - INFO - Req was made | /
30.9.2023, 23:18:54 - DEBUG - Getting Toys | {"txt":"","inStock":""}
30.9.2023, 23:19:43 - DEBUG - auth.service - signup with username: lulu, fullname: lulu
30.9.2023, 23:19:44 - DEBUG - auth.route - new account created: {"username":"lulu","password":"$2b$10$mI.CZwwBq8l.r6WdfKy4VubneOJvBa5h0Cd58L5MuaBBo9lHHEWT2","fullname":"lulu","score":0,"_id":"651882e0f21dd36024ec4759"}
30.9.2023, 23:19:44 - DEBUG - auth.service - login with username: lulu
30.9.2023, 23:21:52 - DEBUG - auth.service - login with username: lulu
30.9.2023, 23:21:52 - INFO - User login:  | {"_id":"651882e0f21dd36024ec4759","username":"lulu","fullname":"lulu","score":0}
30.9.2023, 23:22:05 - DEBUG - auth.service - signup with username: lulu, fullname: lulu
30.9.2023, 23:22:05 - ERROR - cannot insert user | Error: Username taken
30.9.2023, 23:22:05 - ERROR - Failed to signup Error: Username taken
30.9.2023, 23:22:33 - DEBUG - auth.service - login with username: lulu
30.9.2023, 23:22:33 - INFO - User login:  | {"_id":"651882e0f21dd36024ec4759","username":"lulu","fullname":"lulu","score":0}
30.9.2023, 23:22:39 - DEBUG - auth.service - login with username: lulu
30.9.2023, 23:22:39 - INFO - User login:  | {"_id":"651882e0f21dd36024ec4759","username":"lulu","fullname":"lulu","score":0}
30.9.2023, 23:23:52 - DEBUG - auth.service - login with username: tamir
30.9.2023, 23:23:52 - INFO - User login:  | {"_id":"65183b701045fb56dc6ce4d5","username":"tamir","fullname":"tamir","score":0}
30.9.2023, 23:24:23 - DEBUG - auth.service - login with username: tamir
30.9.2023, 23:24:24 - INFO - User login:  | {"_id":"65183b701045fb56dc6ce4d5","username":"tamir","fullname":"tamir","score":0}
30.9.2023, 23:24:31 - DEBUG - auth.service - login with username: tamir
30.9.2023, 23:24:31 - INFO - User login:  | {"_id":"65183b701045fb56dc6ce4d5","username":"tamir","fullname":"tamir","score":0}
30.9.2023, 23:28:37 - INFO - Req was made | /
30.9.2023, 23:28:37 - DEBUG - Getting Toys | {"txt":"","inStock":""}
30.9.2023, 23:28:37 - INFO - Req was made | /
30.9.2023, 23:28:37 - DEBUG - Getting Toys | {"txt":"","inStock":""}
30.9.2023, 23:28:38 - INFO - Req was made | /
30.9.2023, 23:28:38 - DEBUG - Getting Toys | {"txt":"","inStock":""}
30.9.2023, 23:30:08 - INFO - server.js is loaded
30.9.2023, 23:30:42 - INFO - server.js is loaded
30.9.2023, 23:31:20 - INFO - server.js is loaded
30.9.2023, 23:31:43 - INFO - Req was made | /
30.9.2023, 23:31:43 - DEBUG - Getting Toys | {"txt":"","inStock":"","labels":[]}
30.9.2023, 23:31:43 - INFO - Req was made | /
30.9.2023, 23:31:43 - DEBUG - Getting Toys | {"txt":"","inStock":"","labels":[]}
30.9.2023, 23:31:50 - INFO - Req was made | /
30.9.2023, 23:31:50 - DEBUG - Getting Toys | {"txt":"","inStock":"","labels":[]}
30.9.2023, 23:31:50 - INFO - Req was made | /
30.9.2023, 23:31:50 - DEBUG - Getting Toys | {"txt":"","inStock":"","labels":[]}
30.9.2023, 23:32:02 - INFO - server.js is loaded
30.9.2023, 23:32:05 - INFO - Req was made | /
30.9.2023, 23:32:05 - DEBUG - Getting Toys | {"txt":"","inStock":"","labels":""}
30.9.2023, 23:32:05 - ERROR - cannot find toys | MongoError: $in needs an array
30.9.2023, 23:32:05 - ERROR - Failed to get toys | MongoError: $in needs an array
30.9.2023, 23:32:05 - INFO - Req was made | /
30.9.2023, 23:32:05 - DEBUG - Getting Toys | {"txt":"","inStock":"","labels":""}
30.9.2023, 23:32:05 - ERROR - cannot find toys | MongoError: $in needs an array
30.9.2023, 23:32:05 - ERROR - Failed to get toys | MongoError: $in needs an array
30.9.2023, 23:32:16 - INFO - server.js is loaded
30.9.2023, 23:32:22 - INFO - server.js is loaded
30.9.2023, 23:32:33 - INFO - server.js is loaded
30.9.2023, 23:32:35 - INFO - Req was made | /
30.9.2023, 23:32:35 - DEBUG - Getting Toys | {"txt":"","inStock":"","labels":{}}
30.9.2023, 23:32:35 - ERROR - cannot find toys | MongoError: $in needs an array
30.9.2023, 23:32:35 - ERROR - Failed to get toys | MongoError: $in needs an array
30.9.2023, 23:32:35 - INFO - Req was made | /
30.9.2023, 23:32:35 - DEBUG - Getting Toys | {"txt":"","inStock":"","labels":{}}
30.9.2023, 23:32:35 - ERROR - cannot find toys | MongoError: $in needs an array
30.9.2023, 23:32:35 - ERROR - Failed to get toys | MongoError: $in needs an array
30.9.2023, 23:32:42 - INFO - server.js is loaded
30.9.2023, 23:32:44 - INFO - Req was made | /
30.9.2023, 23:32:44 - DEBUG - Getting Toys | {"txt":"","inStock":""}
30.9.2023, 23:32:45 - ERROR - cannot find toys | MongoError: $in needs an array
30.9.2023, 23:32:45 - ERROR - Failed to get toys | MongoError: $in needs an array
30.9.2023, 23:32:45 - INFO - Req was made | /
30.9.2023, 23:32:45 - DEBUG - Getting Toys | {"txt":"","inStock":""}
30.9.2023, 23:32:45 - ERROR - cannot find toys | MongoError: $in needs an array
30.9.2023, 23:32:45 - ERROR - Failed to get toys | MongoError: $in needs an array
30.9.2023, 23:33:08 - INFO - server.js is loaded
30.9.2023, 23:33:09 - INFO - Req was made | /
30.9.2023, 23:33:09 - DEBUG - Getting Toys | {"txt":"","inStock":""}
30.9.2023, 23:33:09 - ERROR - cannot find toys | MongoError: $in needs an array
30.9.2023, 23:33:09 - ERROR - Failed to get toys | MongoError: $in needs an array
30.9.2023, 23:33:10 - INFO - Req was made | /
30.9.2023, 23:33:10 - DEBUG - Getting Toys | {"txt":"","inStock":""}
30.9.2023, 23:33:10 - ERROR - cannot find toys | MongoError: $in needs an array
30.9.2023, 23:33:10 - ERROR - Failed to get toys | MongoError: $in needs an array
30.9.2023, 23:34:02 - INFO - server.js is loaded
30.9.2023, 23:34:04 - INFO - Req was made | /
30.9.2023, 23:34:04 - DEBUG - Getting Toys | {"txt":"","inStock":""}
30.9.2023, 23:34:04 - ERROR - cannot find toys | MongoError: $in needs an array
30.9.2023, 23:34:04 - ERROR - Failed to get toys | MongoError: $in needs an array
30.9.2023, 23:34:04 - INFO - Req was made | /
30.9.2023, 23:34:04 - DEBUG - Getting Toys | {"txt":"","inStock":""}
30.9.2023, 23:34:04 - ERROR - cannot find toys | MongoError: $in needs an array
30.9.2023, 23:34:04 - ERROR - Failed to get toys | MongoError: $in needs an array
30.9.2023, 23:34:12 - INFO - server.js is loaded
30.9.2023, 23:34:14 - INFO - server.js is loaded
30.9.2023, 23:34:16 - INFO - Req was made | /
30.9.2023, 23:34:16 - DEBUG - Getting Toys | {"txt":"","inStock":""}
30.9.2023, 23:34:17 - DEBUG - Getting Toys | {"txt":"","inStock":""}
30.9.2023, 23:34:17 - INFO - Req was made | /
30.9.2023, 23:34:23 - INFO - Req was made | /
30.9.2023, 23:34:23 - DEBUG - Getting Toys | {"txt":"","inStock":true}
30.9.2023, 23:34:24 - INFO - Req was made | /
30.9.2023, 23:34:24 - DEBUG - Getting Toys | {"txt":"","inStock":true}
30.9.2023, 23:34:51 - INFO - server.js is loaded
30.9.2023, 23:34:52 - INFO - server.js is loaded
30.9.2023, 23:34:56 - DEBUG - Getting Toys | {"txt":"","inStock":""}
30.9.2023, 23:34:56 - INFO - Req was made | /
30.9.2023, 23:34:56 - INFO - Req was made | /
30.9.2023, 23:34:56 - DEBUG - Getting Toys | {"txt":"","inStock":""}
30.9.2023, 23:34:59 - INFO - Req was made | /
30.9.2023, 23:34:59 - DEBUG - Getting Toys | {"txt":"","inStock":true}
30.9.2023, 23:35:01 - INFO - Req was made | /
30.9.2023, 23:35:01 - DEBUG - Getting Toys | {"txt":"","inStock":true}
30.9.2023, 23:35:34 - INFO - server.js is loaded
30.9.2023, 23:35:54 - INFO - Req was made | /
30.9.2023, 23:35:54 - DEBUG - Getting Toys | {"txt":"","inStock":true,"labels":["Doll"]}
30.9.2023, 23:36:22 - INFO - server.js is loaded
30.9.2023, 23:36:28 - DEBUG - Getting Toys | {"txt":"","inStock":"","labels":""}
30.9.2023, 23:36:28 - INFO - Req was made | /
30.9.2023, 23:36:28 - INFO - Req was made | /
30.9.2023, 23:36:28 - DEBUG - Getting Toys | {"txt":"","inStock":"","labels":""}
30.9.2023, 23:36:30 - INFO - Req was made | /
30.9.2023, 23:36:30 - DEBUG - Getting Toys | {"txt":"","inStock":true,"labels":""}
30.9.2023, 23:36:31 - INFO - Req was made | /
30.9.2023, 23:36:31 - DEBUG - Getting Toys | {"txt":"","inStock":true,"labels":""}
30.9.2023, 23:36:47 - INFO - Req was made | /
30.9.2023, 23:36:47 - DEBUG - Getting Toys | {"txt":"","inStock":true,"labels":["Doll"]}
30.9.2023, 23:40:38 - INFO - server.js is loaded
30.9.2023, 23:40:48 - DEBUG - Getting Toys | {"txt":"","inStock":true,"labels":["Doll"]}
30.9.2023, 23:40:48 - INFO - Req was made | /
30.9.2023, 23:40:55 - INFO - Req was made | /
30.9.2023, 23:40:55 - DEBUG - Getting Toys | {"txt":"","inStock":"","labels":["Doll"]}
30.9.2023, 23:42:40 - INFO - Req was made | /
30.9.2023, 23:42:40 - DEBUG - Getting Toys | {"txt":"","inStock":"","labels":["Doll"]}
30.9.2023, 23:42:43 - INFO - Req was made | /
30.9.2023, 23:42:43 - DEBUG - Getting Toys | {"txt":"","inStock":true,"labels":["Doll"]}
30.9.2023, 23:42:53 - INFO - Req was made | /
30.9.2023, 23:42:53 - DEBUG - Getting Toys | {"txt":"","inStock":true,"labels":["Doll"]}
30.9.2023, 23:43:02 - INFO - Req was made | /
30.9.2023, 23:43:02 - DEBUG - Getting Toys | {"txt":"","inStock":true,"labels":["Doll"]}
30.9.2023, 23:43:09 - INFO - Req was made | /
30.9.2023, 23:43:09 - DEBUG - Getting Toys | {"txt":"p","inStock":true,"labels":["Doll"]}
30.9.2023, 23:56:59 - INFO - Req was made | /
30.9.2023, 23:56:59 - DEBUG - Getting Toys | {"txt":"p","inStock":true,"labels":["Doll","Car"]}
30.9.2023, 23:56:59 - INFO - Req was made | /
30.9.2023, 23:56:59 - DEBUG - Getting Toys | {"txt":"p","inStock":true,"labels":["Doll","Car","Robot"]}
30.9.2023, 23:57:51 - INFO - server.js is loaded
30.9.2023, 23:58:53 - INFO - Req was made | /
30.9.2023, 23:58:53 - DEBUG - Getting Toys | {"txt":"p","inStock":true,"labels":["Robot"]}
30.9.2023, 23:58:54 - INFO - Req was made | /
30.9.2023, 23:58:54 - DEBUG - Getting Toys | {"txt":"p","inStock":true,"labels":""}
30.9.2023, 23:58:58 - INFO - Req was made | /
30.9.2023, 23:58:58 - DEBUG - Getting Toys | {"txt":"","inStock":"","labels":""}
30.9.2023, 23:58:58 - INFO - Req was made | /
30.9.2023, 23:58:58 - DEBUG - Getting Toys | {"txt":"","inStock":"","labels":""}
30.9.2023, 23:59:00 - INFO - Req was made | /
30.9.2023, 23:59:00 - DEBUG - Getting Toys | {"txt":"p","inStock":"","labels":""}
30.9.2023, 23:59:03 - INFO - Req was made | /
30.9.2023, 23:59:03 - DEBUG - Getting Toys | {"txt":"p","inStock":true,"labels":""}
30.9.2023, 23:59:05 - INFO - Req was made | /
30.9.2023, 23:59:05 - DEBUG - Getting Toys | {"txt":"p","inStock":true,"labels":["Car"]}
30.9.2023, 23:59:28 - INFO - server.js is loaded
30.9.2023, 23:59:39 - INFO - Req was made | /
30.9.2023, 23:59:39 - DEBUG - Getting Toys | {"txt":"","inStock":"","labels":""}
30.9.2023, 23:59:39 - ERROR - cannot find toys | MongoError: $in needs an array
30.9.2023, 23:59:39 - ERROR - Failed to get toys | MongoError: $in needs an array
30.9.2023, 23:59:40 - INFO - Req was made | /
30.9.2023, 23:59:40 - DEBUG - Getting Toys | {"txt":"","inStock":"","labels":""}
30.9.2023, 23:59:40 - ERROR - cannot find toys | MongoError: $in needs an array
30.9.2023, 23:59:40 - ERROR - Failed to get toys | MongoError: $in needs an array
1.10.2023, 0:06:21 - INFO - Req was made | /
1.10.2023, 0:06:21 - DEBUG - Getting Toys | {"txt":"","inStock":"","labels":""}
1.10.2023, 0:06:21 - ERROR - cannot find toys | MongoError: $in needs an array
1.10.2023, 0:06:21 - ERROR - Failed to get toys | MongoError: $in needs an array
1.10.2023, 0:40:54 - INFO - server.js is loaded
1.10.2023, 0:41:05 - INFO - Req was made | /
1.10.2023, 0:41:05 - DEBUG - Getting Toys | {"txt":"","inStock":"","labels":""}
1.10.2023, 0:41:05 - ERROR - cannot find toys | MongoError: $in needs an array
1.10.2023, 0:41:05 - ERROR - Failed to get toys | MongoError: $in needs an array
1.10.2023, 0:41:05 - INFO - Req was made | /
1.10.2023, 0:41:05 - DEBUG - Getting Toys | {"txt":"","inStock":"","labels":""}
1.10.2023, 0:41:05 - ERROR - cannot find toys | MongoError: $in needs an array
1.10.2023, 0:41:05 - ERROR - Failed to get toys | MongoError: $in needs an array
1.10.2023, 0:41:18 - INFO - server.js is loaded
1.10.2023, 0:41:20 - INFO - Req was made | /
1.10.2023, 0:41:20 - DEBUG - Getting Toys | {"txt":"","inStock":"","labels":""}
1.10.2023, 0:41:20 - INFO - Req was made | /
1.10.2023, 0:41:20 - DEBUG - Getting Toys | {"txt":"","inStock":"","labels":""}
1.10.2023, 0:41:40 - INFO - server.js is loaded
1.10.2023, 0:41:46 - INFO - Req was made | /
1.10.2023, 0:41:46 - DEBUG - Getting Toys | {"txt":"","inStock":"","labels":""}
1.10.2023, 0:41:47 - INFO - Req was made | /
1.10.2023, 0:41:47 - DEBUG - Getting Toys | {"txt":"","inStock":"","labels":""}
1.10.2023, 0:41:49 - INFO - Req was made | /
1.10.2023, 0:41:49 - DEBUG - Getting Toys | {"txt":"","inStock":true,"labels":""}
1.10.2023, 0:41:54 - INFO - Req was made | /
1.10.2023, 0:41:54 - DEBUG - Getting Toys | {"txt":"","inStock":true,"labels":""}
1.10.2023, 0:47:08 - INFO - server.js is loaded
1.10.2023, 0:47:18 - INFO - Req was made | /
1.10.2023, 0:47:18 - DEBUG - Getting Toys | {"txt":"","inStock":true,"labels":["Doll"]}
1.10.2023, 0:47:24 - INFO - Req was made | /
1.10.2023, 0:47:24 - DEBUG - Getting Toys | {"txt":"","inStock":"","labels":["Doll"]}
1.10.2023, 0:47:33 - INFO - Req was made | /
1.10.2023, 0:47:33 - DEBUG - Getting Toys | {"txt":"t","inStock":"","labels":["Doll"]}
1.10.2023, 0:47:45 - INFO - Req was made | /
1.10.2023, 0:47:45 - DEBUG - Getting Toys | {"txt":"","inStock":"","labels":["Doll"]}
1.10.2023, 0:49:00 - INFO - server.js is loaded
1.10.2023, 0:55:17 - INFO - server.js is loaded
1.10.2023, 0:55:24 - INFO - Req was made | /
1.10.2023, 0:55:24 - DEBUG - Getting Toys | {"txt":"","inStock":"","labels":["Doll","Car"]}
1.10.2023, 0:55:26 - INFO - Req was made | /
1.10.2023, 0:55:26 - DEBUG - Getting Toys | {"txt":"","inStock":"","labels":["Car"]}
1.10.2023, 0:55:29 - INFO - Req was made | /
1.10.2023, 0:55:29 - DEBUG - Getting Toys | {"txt":"","inStock":"","labels":""}
1.10.2023, 0:55:49 - INFO - Req was made | /
1.10.2023, 0:55:49 - DEBUG - Getting Toys | {"txt":"","inStock":"","labels":["Science Kit"]}
1.10.2023, 0:55:54 - INFO - Req was made | /
1.10.2023, 0:55:54 - DEBUG - Getting Toys | {"txt":"r","inStock":"","labels":["Science Kit"]}
1.10.2023, 0:55:57 - INFO - Req was made | /
1.10.2023, 0:55:57 - DEBUG - Getting Toys | {"txt":"","inStock":"","labels":["Science Kit"]}
1.10.2023, 0:56:43 - INFO - Req was made | /
1.10.2023, 0:56:43 - DEBUG - Getting Toys | {"txt":"","inStock":"","labels":""}
1.10.2023, 0:56:48 - INFO - Req was made | /
1.10.2023, 0:56:48 - DEBUG - Getting Toys | {"txt":"","inStock":"","labels":["Battery Powered"]}
1.10.2023, 0:56:50 - INFO - Req was made | /
1.10.2023, 0:56:50 - DEBUG - Getting Toys | {"txt":"","inStock":"","labels":""}
1.10.2023, 0:56:54 - INFO - Req was made | /
1.10.2023, 0:56:54 - DEBUG - Getting Toys | {"txt":"","inStock":"","labels":["Play-Doh"]}
1.10.2023, 0:56:57 - INFO - Req was made | /
1.10.2023, 0:56:57 - DEBUG - Getting Toys | {"txt":"","inStock":"","labels":["Play-Doh","Science Kit"]}
1.10.2023, 0:56:59 - INFO - Req was made | /
1.10.2023, 0:56:59 - DEBUG - Getting Toys | {"txt":"","inStock":"","labels":["Play-Doh","Science Kit","Magic Set"]}
1.10.2023, 0:57:05 - INFO - Req was made | /
1.10.2023, 0:57:05 - DEBUG - Getting Toys | {"txt":"","inStock":"","labels":["Play-Doh","Magic Set"]}
1.10.2023, 0:57:06 - INFO - Req was made | /
1.10.2023, 0:57:06 - DEBUG - Getting Toys | {"txt":"","inStock":"","labels":["Magic Set"]}
1.10.2023, 0:57:07 - INFO - Req was made | /
1.10.2023, 0:57:07 - DEBUG - Getting Toys | {"txt":"","inStock":"","labels":""}
1.10.2023, 0:58:18 - INFO - Req was made | /
1.10.2023, 0:58:18 - DEBUG - Getting Toys | {"txt":"","inStock":"","labels":["Play-Doh"]}
1.10.2023, 0:58:20 - INFO - Req was made | /
1.10.2023, 0:58:20 - DEBUG - Getting Toys | {"txt":"","inStock":"","labels":["Play-Doh","Science Kit"]}
1.10.2023, 0:58:24 - INFO - Req was made | /
1.10.2023, 0:58:24 - DEBUG - Getting Toys | {"txt":"","inStock":"","labels":["Play-Doh"]}
1.10.2023, 0:58:37 - INFO - Req was made | /
1.10.2023, 0:58:37 - DEBUG - Getting Toys | {"txt":"","inStock":"","labels":["Play-Doh","Teddy Bear"]}
1.10.2023, 0:58:48 - INFO - Req was made | /
1.10.2023, 0:58:48 - DEBUG - Getting Toys | {"txt":"","inStock":"","labels":["Teddy Bear"]}
1.10.2023, 0:58:55 - INFO - Req was made | /
1.10.2023, 0:58:55 - DEBUG - Getting Toys | {"txt":"","inStock":"","labels":""}
1.10.2023, 0:59:47 - INFO - server.js is loaded
1.10.2023, 0:59:49 - INFO - Req was made | /
1.10.2023, 0:59:49 - DEBUG - Getting Toys | {"txt":"","inStock":true,"labels":""}
1.10.2023, 0:59:56 - INFO - Req was made | /
1.10.2023, 0:59:56 - DEBUG - Getting Toys | {"txt":"","inStock":true,"labels":""}
1.10.2023, 1:00:26 - INFO - Req was made | /
1.10.2023, 1:00:26 - DEBUG - Getting Toys | {"txt":"","inStock":true,"labels":""}
1.10.2023, 1:00:29 - INFO - Req was made | /
1.10.2023, 1:00:29 - DEBUG - Getting Toys | {"txt":"","inStock":"","labels":""}
1.10.2023, 1:00:29 - INFO - Req was made | /
1.10.2023, 1:00:29 - DEBUG - Getting Toys | {"txt":"","inStock":"","labels":""}
1.10.2023, 1:00:31 - INFO - Req was made | /
1.10.2023, 1:00:31 - DEBUG - Getting Toys | {"txt":"","inStock":true,"labels":""}
1.10.2023, 1:00:42 - INFO - Req was made | /
1.10.2023, 1:00:42 - DEBUG - Getting Toys | {"txt":"","inStock":true,"labels":""}
1.10.2023, 1:01:15 - INFO - server.js is loaded
1.10.2023, 1:01:17 - INFO - Req was made | /
1.10.2023, 1:01:17 - DEBUG - Getting Toys | {"txt":"","inStock":true,"labels":""}
1.10.2023, 1:01:30 - INFO - server.js is loaded
1.10.2023, 1:01:43 - INFO - Req was made | /
1.10.2023, 1:01:43 - DEBUG - Getting Toys | {"txt":"","inStock":true,"labels":""}
1.10.2023, 1:05:25 - INFO - Req was made | /
1.10.2023, 1:05:25 - DEBUG - Getting Toys | {"txt":"","inStock":true,"labels":""}
1.10.2023, 1:05:34 - INFO - Req was made | /
1.10.2023, 1:05:34 - DEBUG - Getting Toys | {"txt":"","inStock":true,"labels":["Robot"]}
1.10.2023, 1:05:37 - INFO - Req was made | /
1.10.2023, 1:05:37 - DEBUG - Getting Toys | {"txt":"","inStock":true,"labels":["Robot"]}
1.10.2023, 1:05:39 - INFO - Req was made | /
1.10.2023, 1:05:39 - DEBUG - Getting Toys | {"txt":"","inStock":true,"labels":""}
1.10.2023, 1:05:53 - INFO - Req was made | /
1.10.2023, 1:05:53 - DEBUG - Getting Toys | {"txt":"","inStock":true,"labels":""}
1.10.2023, 1:06:11 - INFO - Req was made | /
1.10.2023, 1:06:11 - DEBUG - Getting Toys | {"txt":"","inStock":true,"labels":""}
1.10.2023, 1:06:16 - INFO - Req was made | /
1.10.2023, 1:06:16 - DEBUG - Getting Toys | {"txt":"","inStock":true,"labels":""}
1.10.2023, 1:06:19 - INFO - Req was made | /
1.10.2023, 1:06:19 - DEBUG - Getting Toys | {"txt":"t","inStock":true,"labels":""}
1.10.2023, 1:06:46 - INFO - Req was made | /
1.10.2023, 1:06:46 - DEBUG - Getting Toys | {"txt":"t","inStock":true,"labels":""}
1.10.2023, 1:06:48 - INFO - Req was made | /
1.10.2023, 1:06:48 - DEBUG - Getting Toys | {"txt":"t","inStock":true,"labels":""}
1.10.2023, 1:06:49 - INFO - Req was made | /
1.10.2023, 1:06:49 - DEBUG - Getting Toys | {"txt":"","inStock":true,"labels":""}
1.10.2023, 1:06:58 - INFO - Req was made | /
1.10.2023, 1:06:58 - DEBUG - Getting Toys | {"txt":"","inStock":"","labels":""}
1.10.2023, 1:07:00 - INFO - Req was made | /
1.10.2023, 1:07:00 - DEBUG - Getting Toys | {"txt":"","inStock":true,"labels":""}
1.10.2023, 1:07:33 - INFO - Req was made | /
1.10.2023, 1:07:33 - DEBUG - Getting Toys | {"txt":"","inStock":true,"labels":""}
1.10.2023, 1:07:36 - INFO - Req was made | /
1.10.2023, 1:07:36 - DEBUG - Getting Toys | {"txt":"","inStock":"","labels":""}
1.10.2023, 1:07:38 - INFO - Req was made | /
1.10.2023, 1:07:38 - DEBUG - Getting Toys | {"txt":"","inStock":true,"labels":""}
1.10.2023, 1:07:42 - INFO - Req was made | /
1.10.2023, 1:07:42 - DEBUG - Getting Toys | {"txt":"","inStock":true,"labels":""}
1.10.2023, 1:07:50 - INFO - Req was made | /
1.10.2023, 1:07:50 - DEBUG - Getting Toys | {"txt":"","inStock":true,"labels":""}
1.10.2023, 1:08:59 - INFO - server.js is loaded
1.10.2023, 1:09:05 - INFO - server.js is loaded
1.10.2023, 1:09:07 - INFO - Req was made | /
1.10.2023, 1:09:07 - DEBUG - Getting Toys | {"txt":"","inStock":true,"labels":""}
1.10.2023, 1:09:09 - INFO - Req was made | /
1.10.2023, 1:09:09 - DEBUG - Getting Toys | {"txt":"","inStock":true,"labels":""}
1.10.2023, 1:09:38 - INFO - server.js is loaded
1.10.2023, 1:10:11 - INFO - server.js is loaded
1.10.2023, 1:11:16 - INFO - Req was made | /
1.10.2023, 1:11:16 - DEBUG - Getting Toys | {"txt":"","inStock":"","labels":""}
1.10.2023, 1:11:16 - INFO - Req was made | /
1.10.2023, 1:11:16 - DEBUG - Getting Toys | {"txt":"","inStock":"","labels":""}
1.10.2023, 1:11:25 - INFO - Req was made | /
1.10.2023, 1:11:25 - DEBUG - Getting Toys | {"txt":"a","inStock":"","labels":""}
1.10.2023, 1:11:28 - INFO - Req was made | /
1.10.2023, 1:11:28 - DEBUG - Getting Toys | {"txt":"a","inStock":true,"labels":""}
1.10.2023, 1:11:33 - INFO - Req was made | /
1.10.2023, 1:11:33 - DEBUG - Getting Toys | {"txt":"","inStock":true,"labels":""}
1.10.2023, 1:11:37 - INFO - Req was made | /
1.10.2023, 1:11:37 - DEBUG - Getting Toys | {"txt":"","inStock":true,"labels":""}
1.10.2023, 1:11:41 - INFO - Req was made | /
1.10.2023, 1:11:41 - DEBUG - Getting Toys | {"txt":"","inStock":"","labels":""}
1.10.2023, 1:11:54 - INFO - Req was made | /
1.10.2023, 1:11:54 - DEBUG - Getting Toys | {"txt":"","inStock":"","labels":""}
1.10.2023, 1:11:54 - INFO - Req was made | /
1.10.2023, 1:11:54 - DEBUG - Getting Toys | {"txt":"","inStock":"","labels":""}
1.10.2023, 1:12:02 - INFO - Req was made | /
1.10.2023, 1:12:02 - DEBUG - Getting Toys | {"txt":"","inStock":"","labels":""}
1.10.2023, 1:12:02 - INFO - Req was made | /
1.10.2023, 1:12:02 - DEBUG - Getting Toys | {"txt":"","inStock":"","labels":""}
1.10.2023, 1:12:07 - INFO - Req was made | /
1.10.2023, 1:12:07 - DEBUG - Getting Toys | {"txt":"a","inStock":"","labels":""}
1.10.2023, 1:12:09 - INFO - Req was made | /
1.10.2023, 1:12:09 - DEBUG - Getting Toys | {"txt":"a","inStock":true,"labels":""}
1.10.2023, 1:12:12 - INFO - Req was made | /
1.10.2023, 1:12:12 - DEBUG - Getting Toys | {"txt":"a","inStock":"","labels":""}
1.10.2023, 1:12:17 - INFO - Req was made | /
1.10.2023, 1:12:17 - DEBUG - Getting Toys | {"txt":"a","inStock":"","labels":""}
1.10.2023, 1:12:17 - INFO - Req was made | /
1.10.2023, 1:12:17 - DEBUG - Getting Toys | {"txt":"a","inStock":"","labels":""}
1.10.2023, 1:12:34 - INFO - Req was made | /
1.10.2023, 1:12:34 - DEBUG - Getting Toys | {"txt":"","inStock":"","labels":""}
1.10.2023, 1:12:35 - INFO - Req was made | /
1.10.2023, 1:12:35 - DEBUG - Getting Toys | {"txt":"","inStock":"","labels":""}
1.10.2023, 1:12:50 - INFO - Req was made | /
1.10.2023, 1:12:50 - DEBUG - Getting Toys | {"txt":"r","inStock":"","labels":""}
1.10.2023, 1:12:57 - INFO - Req was made | /
1.10.2023, 1:12:57 - DEBUG - Getting Toys | {"txt":"r","inStock":"","labels":["Robot"]}
1.10.2023, 1:12:58 - INFO - Req was made | /
1.10.2023, 1:12:58 - DEBUG - Getting Toys | {"txt":"r","inStock":"","labels":""}
1.10.2023, 1:13:00 - INFO - Req was made | /
1.10.2023, 1:13:00 - DEBUG - Getting Toys | {"txt":"r","inStock":true,"labels":""}
1.10.2023, 1:13:02 - INFO - Req was made | /
1.10.2023, 1:13:02 - DEBUG - Getting Toys | {"txt":"","inStock":true,"labels":""}
1.10.2023, 1:13:19 - INFO - server.js is loaded
1.10.2023, 1:13:21 - INFO - Req was made | /
1.10.2023, 1:13:21 - DEBUG - Getting Toys | {"txt":"","inStock":"","labels":""}
1.10.2023, 1:13:22 - INFO - Req was made | /
1.10.2023, 1:13:22 - DEBUG - Getting Toys | {"txt":"","inStock":"","labels":""}
1.10.2023, 1:13:28 - INFO - server.js is loaded
1.10.2023, 1:13:47 - INFO - Req was made | /
1.10.2023, 1:13:47 - DEBUG - Getting Toys | {"txt":"","inStock":"","labels":""}
1.10.2023, 1:13:47 - INFO - Req was made | /
1.10.2023, 1:13:47 - DEBUG - Getting Toys | {"txt":"","inStock":"","labels":""}
1.10.2023, 1:14:16 - INFO - Req was made | /
1.10.2023, 1:14:16 - DEBUG - Getting Toys | {"txt":"","inStock":"","labels":""}
1.10.2023, 1:14:30 - INFO - Req was made | /
1.10.2023, 1:14:30 - DEBUG - Getting Toys | {"txt":"","inStock":"","labels":["Educational"]}
1.10.2023, 1:14:32 - INFO - Req was made | /
1.10.2023, 1:14:32 - DEBUG - Getting Toys | {"txt":"","inStock":true,"labels":["Educational"]}
1.10.2023, 1:14:47 - INFO - Req was made | /
1.10.2023, 1:14:47 - DEBUG - Getting Toys | {"txt":"","inStock":true,"labels":""}
1.10.2023, 1:15:15 - INFO - Req was made | /
1.10.2023, 1:15:15 - DEBUG - Getting Toys | {"txt":"","inStock":"","labels":""}
1.10.2023, 1:15:16 - INFO - Req was made | /
1.10.2023, 1:15:16 - DEBUG - Getting Toys | {"txt":"","inStock":"","labels":""}
1.10.2023, 1:15:34 - INFO - Req was made | /
1.10.2023, 1:15:34 - DEBUG - Getting Toys | {"txt":"","inStock":"","labels":""}
1.10.2023, 1:15:35 - INFO - Req was made | /
1.10.2023, 1:15:35 - DEBUG - Getting Toys | {"txt":"","inStock":"","labels":""}
1.10.2023, 1:15:51 - INFO - Req was made | /
1.10.2023, 1:15:51 - DEBUG - Getting Toys | {"txt":"","inStock":"","labels":""}
1.10.2023, 1:15:52 - INFO - Req was made | /
1.10.2023, 1:15:52 - DEBUG - Getting Toys | {"txt":"","inStock":"","labels":""}
1.10.2023, 1:16:06 - INFO - Req was made | /
1.10.2023, 1:16:06 - DEBUG - Getting Toys | {"txt":"","inStock":"","labels":""}
1.10.2023, 1:16:06 - INFO - Req was made | /
1.10.2023, 1:16:06 - DEBUG - Getting Toys | {"txt":"","inStock":"","labels":""}
1.10.2023, 1:16:27 - INFO - Req was made | /
1.10.2023, 1:16:27 - DEBUG - Getting Toys | {"txt":"","inStock":true,"labels":""}
1.10.2023, 1:16:28 - DEBUG - Getting Toys | {"txt":"","inStock":true,"labels":""}
1.10.2023, 1:16:28 - INFO - Req was made | /
1.10.2023, 1:16:34 - INFO - Req was made | /
1.10.2023, 1:16:34 - DEBUG - Getting Toys | {"txt":"","inStock":true,"labels":""}
1.10.2023, 1:16:41 - DEBUG - Getting Toys | {"txt":"","inStock":"","labels":""}
1.10.2023, 1:16:41 - INFO - Req was made | /
1.10.2023, 1:16:41 - INFO - Req was made | /
1.10.2023, 1:16:41 - DEBUG - Getting Toys | {"txt":"","inStock":"","labels":""}
1.10.2023, 1:17:19 - INFO - server.js is loaded
1.10.2023, 1:17:24 - DEBUG - Getting Toys | {"txt":"","inStock":"","labels":""}
1.10.2023, 1:17:24 - INFO - Req was made | /
1.10.2023, 1:17:24 - INFO - Req was made | /
1.10.2023, 1:17:24 - DEBUG - Getting Toys | {"txt":"","inStock":"","labels":""}
1.10.2023, 1:17:27 - INFO - Req was made | /
1.10.2023, 1:17:27 - DEBUG - Getting Toys | {"txt":"","inStock":"true","labels":""}
1.10.2023, 1:17:30 - INFO - Req was made | /
1.10.2023, 1:17:30 - DEBUG - Getting Toys | {"txt":"","inStock":"false","labels":""}
1.10.2023, 1:17:53 - INFO - Req was made | /
1.10.2023, 1:17:53 - DEBUG - Getting Toys | {"txt":"","inStock":"true","labels":""}
1.10.2023, 1:18:02 - INFO - Req was made | /
1.10.2023, 1:18:02 - DEBUG - Getting Toys | {"txt":"","inStock":"false","labels":""}
1.10.2023, 1:18:08 - INFO - Req was made | /
1.10.2023, 1:18:08 - DEBUG - Getting Toys | {"txt":"","inStock":"","labels":""}
1.10.2023, 1:18:11 - INFO - Req was made | /
1.10.2023, 1:18:11 - DEBUG - Getting Toys | {"txt":"","inStock":"true","labels":""}
1.10.2023, 1:18:12 - INFO - Req was made | /
1.10.2023, 1:18:12 - DEBUG - Getting Toys | {"txt":"","inStock":"false","labels":""}
1.10.2023, 1:18:14 - INFO - Req was made | /
1.10.2023, 1:18:14 - DEBUG - Getting Toys | {"txt":"","inStock":"true","labels":""}
1.10.2023, 1:18:25 - INFO - server.js is loaded
1.10.2023, 1:18:27 - INFO - Req was made | /
1.10.2023, 1:18:27 - DEBUG - Getting Toys | {"txt":"","inStock":true,"labels":""}
1.10.2023, 1:18:28 - INFO - Req was made | /
1.10.2023, 1:18:28 - DEBUG - Getting Toys | {"txt":"","inStock":true,"labels":""}
1.10.2023, 1:18:30 - INFO - Req was made | /
1.10.2023, 1:18:30 - DEBUG - Getting Toys | {"txt":"","inStock":"false","labels":""}
1.10.2023, 1:18:33 - INFO - Req was made | /
1.10.2023, 1:18:33 - DEBUG - Getting Toys | {"txt":"","inStock":"true","labels":""}
1.10.2023, 1:18:35 - INFO - Req was made | /
1.10.2023, 1:18:35 - DEBUG - Getting Toys | {"txt":"","inStock":true,"labels":""}
1.10.2023, 1:18:40 - INFO - Req was made | /
1.10.2023, 1:18:40 - DEBUG - Getting Toys | {"txt":"","inStock":"true","labels":""}
1.10.2023, 1:18:46 - INFO - Req was made | /
1.10.2023, 1:18:46 - DEBUG - Getting Toys | {"txt":"","inStock":true,"labels":""}
1.10.2023, 1:18:48 - INFO - Req was made | /
1.10.2023, 1:18:48 - DEBUG - Getting Toys | {"txt":"","inStock":"false","labels":""}
1.10.2023, 1:18:50 - INFO - Req was made | /
1.10.2023, 1:18:50 - DEBUG - Getting Toys | {"txt":"","inStock":"true","labels":""}
1.10.2023, 1:19:03 - INFO - server.js is loaded
1.10.2023, 1:19:05 - INFO - Req was made | /
1.10.2023, 1:19:05 - DEBUG - Getting Toys | {"txt":"","inStock":"","labels":""}
1.10.2023, 1:19:05 - INFO - Req was made | /
1.10.2023, 1:19:05 - DEBUG - Getting Toys | {"txt":"","inStock":"","labels":""}
1.10.2023, 1:21:31 - INFO - server.js is loaded
1.10.2023, 1:21:32 - INFO - Req was made | /
1.10.2023, 1:21:32 - DEBUG - Getting Toys | {"txt":"","inStock":"","labels":""}
1.10.2023, 1:21:33 - INFO - Req was made | /
1.10.2023, 1:21:33 - DEBUG - Getting Toys | {"txt":"","inStock":"","labels":""}
1.10.2023, 1:21:58 - INFO - server.js is loaded
1.10.2023, 1:22:02 - INFO - Req was made | /
1.10.2023, 1:22:02 - DEBUG - Getting Toys | {"txt":"","inStock":"","labels":""}
1.10.2023, 1:22:02 - INFO - Req was made | /
1.10.2023, 1:22:02 - DEBUG - Getting Toys | {"txt":"","inStock":"","labels":""}
1.10.2023, 1:22:26 - INFO - server.js is loaded
1.10.2023, 1:22:28 - INFO - Req was made | /
1.10.2023, 1:22:28 - DEBUG - Getting Toys | {"txt":"","inStock":"","labels":""}
1.10.2023, 1:22:28 - INFO - Req was made | /
1.10.2023, 1:22:28 - DEBUG - Getting Toys | {"txt":"","inStock":"","labels":""}
1.10.2023, 1:22:34 - INFO - Req was made | /
1.10.2023, 1:22:34 - DEBUG - Getting Toys | {"txt":"","inStock":"false","labels":""}
1.10.2023, 1:22:37 - DEBUG - Getting Toys | {"txt":"","inStock":"true","labels":""}
1.10.2023, 1:22:37 - INFO - Req was made | /
1.10.2023, 1:22:58 - INFO - server.js is loaded
1.10.2023, 1:23:00 - INFO - Req was made | /
1.10.2023, 1:23:00 - DEBUG - Getting Toys | {"txt":"","inStock":"","labels":""}
1.10.2023, 1:23:01 - INFO - Req was made | /
1.10.2023, 1:23:01 - DEBUG - Getting Toys | {"txt":"","inStock":"","labels":""}
1.10.2023, 1:23:03 - DEBUG - Getting Toys | {"txt":"","inStock":"true","labels":""}
1.10.2023, 1:23:03 - INFO - Req was made | /
1.10.2023, 1:23:05 - INFO - Req was made | /
1.10.2023, 1:23:05 - DEBUG - Getting Toys | {"txt":"","inStock":"false","labels":""}
1.10.2023, 1:23:09 - INFO - Req was made | /
1.10.2023, 1:23:09 - DEBUG - Getting Toys | {"txt":"","inStock":"","labels":""}
1.10.2023, 1:23:10 - INFO - Req was made | /
1.10.2023, 1:23:10 - DEBUG - Getting Toys | {"txt":"","inStock":"false","labels":""}
1.10.2023, 1:23:14 - INFO - Req was made | /
1.10.2023, 1:23:14 - DEBUG - Getting Toys | {"txt":"","inStock":"true","labels":""}
1.10.2023, 1:23:17 - INFO - Req was made | /
1.10.2023, 1:23:17 - DEBUG - Getting Toys | {"txt":"","inStock":"false","labels":""}
1.10.2023, 1:23:35 - INFO - Req was made | /
1.10.2023, 1:23:35 - DEBUG - Getting Toys | {"txt":"","inStock":"false","labels":["Doll"]}
1.10.2023, 1:23:36 - INFO - Req was made | /
1.10.2023, 1:23:36 - DEBUG - Getting Toys | {"txt":"","inStock":"false","labels":""}
1.10.2023, 1:23:38 - INFO - Req was made | /
1.10.2023, 1:23:38 - DEBUG - Getting Toys | {"txt":"","inStock":"false","labels":["Educational"]}
1.10.2023, 1:23:40 - INFO - Req was made | /
1.10.2023, 1:23:40 - DEBUG - Getting Toys | {"txt":"","inStock":"false","labels":""}
1.10.2023, 1:23:51 - INFO - server.js is loaded
1.10.2023, 1:23:54 - INFO - Req was made | /
1.10.2023, 1:23:54 - DEBUG - Getting Toys | {"txt":"","inStock":"","labels":""}
1.10.2023, 1:23:54 - INFO - Req was made | /
1.10.2023, 1:23:54 - DEBUG - Getting Toys | {"txt":"","inStock":"","labels":""}
1.10.2023, 1:23:57 - INFO - Req was made | /
1.10.2023, 1:23:57 - DEBUG - Getting Toys | {"txt":"","inStock":"true","labels":""}
1.10.2023, 1:23:58 - INFO - Req was made | /
1.10.2023, 1:23:58 - DEBUG - Getting Toys | {"txt":"","inStock":"false","labels":""}
1.10.2023, 1:24:13 - INFO - server.js is loaded
1.10.2023, 1:24:17 - INFO - Req was made | /
1.10.2023, 1:24:17 - DEBUG - Getting Toys | {"txt":"","inStock":"true","labels":""}
1.10.2023, 1:24:35 - INFO - server.js is loaded
1.10.2023, 1:24:37 - INFO - Req was made | /
1.10.2023, 1:24:37 - DEBUG - Getting Toys | {"txt":"","inStock":"","labels":""}
1.10.2023, 1:24:37 - INFO - Req was made | /
1.10.2023, 1:24:37 - DEBUG - Getting Toys | {"txt":"","inStock":"","labels":""}
1.10.2023, 1:24:43 - INFO - Req was made | /
1.10.2023, 1:24:43 - DEBUG - Getting Toys | {"txt":"","inStock":"true","labels":""}
1.10.2023, 1:24:52 - INFO - server.js is loaded
1.10.2023, 1:24:55 - INFO - Req was made | /
1.10.2023, 1:24:55 - DEBUG - Getting Toys | {"txt":"","inStock":"","labels":""}
1.10.2023, 1:24:56 - INFO - Req was made | /
1.10.2023, 1:24:56 - DEBUG - Getting Toys | {"txt":"","inStock":"","labels":""}
1.10.2023, 1:24:57 - INFO - Req was made | /
1.10.2023, 1:24:57 - DEBUG - Getting Toys | {"txt":"","inStock":"false","labels":""}
1.10.2023, 1:24:59 - INFO - Req was made | /
1.10.2023, 1:24:59 - DEBUG - Getting Toys | {"txt":"","inStock":"true","labels":""}
1.10.2023, 1:25:07 - INFO - server.js is loaded
1.10.2023, 1:25:08 - INFO - Req was made | /
1.10.2023, 1:25:08 - DEBUG - Getting Toys | {"txt":"","inStock":"","labels":""}
1.10.2023, 1:25:10 - INFO - Req was made | /
1.10.2023, 1:25:10 - DEBUG - Getting Toys | {"txt":"","inStock":"true","labels":""}
1.10.2023, 1:25:11 - INFO - Req was made | /
1.10.2023, 1:25:11 - DEBUG - Getting Toys | {"txt":"","inStock":"","labels":""}
1.10.2023, 1:25:12 - INFO - Req was made | /
1.10.2023, 1:25:12 - DEBUG - Getting Toys | {"txt":"","inStock":"","labels":""}
1.10.2023, 1:25:13 - INFO - Req was made | /
1.10.2023, 1:25:13 - DEBUG - Getting Toys | {"txt":"","inStock":"true","labels":""}
1.10.2023, 1:25:15 - INFO - Req was made | /
1.10.2023, 1:25:15 - DEBUG - Getting Toys | {"txt":"","inStock":"false","labels":""}
1.10.2023, 1:25:24 - INFO - server.js is loaded
1.10.2023, 1:25:27 - INFO - Req was made | /
1.10.2023, 1:25:27 - DEBUG - Getting Toys | {"txt":"","inStock":"","labels":""}
1.10.2023, 1:25:27 - INFO - Req was made | /
1.10.2023, 1:25:27 - DEBUG - Getting Toys | {"txt":"","inStock":"","labels":""}
1.10.2023, 1:25:29 - INFO - Req was made | /
1.10.2023, 1:25:29 - DEBUG - Getting Toys | {"txt":"","inStock":true,"labels":""}
1.10.2023, 1:25:34 - INFO - Req was made | /
1.10.2023, 1:25:34 - DEBUG - Getting Toys | {"txt":"","inStock":true,"labels":""}
1.10.2023, 1:25:43 - INFO - Req was made | /
1.10.2023, 1:25:43 - DEBUG - Getting Toys | {"txt":"","inStock":"","labels":""}
1.10.2023, 1:25:46 - INFO - Req was made | /
1.10.2023, 1:25:46 - DEBUG - Getting Toys | {"txt":"","inStock":true,"labels":""}
1.10.2023, 1:25:49 - INFO - Req was made | /
1.10.2023, 1:25:49 - DEBUG - Getting Toys | {"txt":"","inStock":true,"labels":""}
1.10.2023, 1:25:56 - INFO - server.js is loaded
1.10.2023, 1:26:00 - INFO - Req was made | /
1.10.2023, 1:26:00 - DEBUG - Getting Toys | {"txt":"","inStock":"","labels":""}
1.10.2023, 1:26:01 - INFO - Req was made | /
1.10.2023, 1:26:01 - DEBUG - Getting Toys | {"txt":"","inStock":"","labels":""}
1.10.2023, 1:26:09 - INFO - server.js is loaded
1.10.2023, 1:26:12 - INFO - Req was made | /
1.10.2023, 1:26:12 - DEBUG - Getting Toys | {"txt":"","inStock":true,"labels":""}
1.10.2023, 1:26:12 - INFO - Req was made | /
1.10.2023, 1:26:12 - DEBUG - Getting Toys | {"txt":"","inStock":true,"labels":""}
1.10.2023, 1:26:15 - INFO - Req was made | /
1.10.2023, 1:26:15 - DEBUG - Getting Toys | {"txt":"","inStock":"false","labels":""}
1.10.2023, 1:26:17 - INFO - Req was made | /
1.10.2023, 1:26:17 - DEBUG - Getting Toys | {"txt":"","inStock":"true","labels":""}
1.10.2023, 1:26:28 - INFO - Req was made | /
1.10.2023, 1:26:28 - DEBUG - Getting Toys | {"txt":"","inStock":true,"labels":""}
1.10.2023, 1:26:29 - INFO - Req was made | /
1.10.2023, 1:26:29 - DEBUG - Getting Toys | {"txt":"","inStock":true,"labels":""}
1.10.2023, 1:26:38 - INFO - Req was made | /
1.10.2023, 1:26:38 - DEBUG - Getting Toys | {"txt":"r","inStock":true,"labels":""}
1.10.2023, 1:26:40 - INFO - Req was made | /
1.10.2023, 1:26:40 - DEBUG - Getting Toys | {"txt":"","inStock":true,"labels":""}
1.10.2023, 1:26:41 - INFO - Req was made | /
1.10.2023, 1:26:41 - DEBUG - Getting Toys | {"txt":"r","inStock":true,"labels":""}
1.10.2023, 1:26:42 - INFO - Req was made | /
1.10.2023, 1:26:42 - DEBUG - Getting Toys | {"txt":"ro","inStock":true,"labels":""}
1.10.2023, 1:26:43 - INFO - Req was made | /
1.10.2023, 1:26:43 - DEBUG - Getting Toys | {"txt":"","inStock":true,"labels":""}
1.10.2023, 1:26:44 - INFO - Req was made | /
1.10.2023, 1:26:44 - DEBUG - Getting Toys | {"txt":"p","inStock":true,"labels":""}
1.10.2023, 1:26:45 - INFO - Req was made | /
1.10.2023, 1:26:45 - DEBUG - Getting Toys | {"txt":"pu","inStock":true,"labels":""}
1.10.2023, 1:26:46 - INFO - Req was made | /
1.10.2023, 1:26:46 - DEBUG - Getting Toys | {"txt":"","inStock":true,"labels":""}
1.10.2023, 1:26:49 - INFO - Req was made | /
1.10.2023, 1:26:49 - DEBUG - Getting Toys | {"txt":"","inStock":"false","labels":""}
1.10.2023, 1:26:52 - INFO - Req was made | /
1.10.2023, 1:26:52 - DEBUG - Getting Toys | {"txt":"","inStock":true,"labels":""}
1.10.2023, 1:27:22 - INFO - server.js is loaded
1.10.2023, 1:27:27 - INFO - server.js is loaded
1.10.2023, 1:27:28 - INFO - Req was made | /
1.10.2023, 1:27:28 - DEBUG - Getting Toys | {"txt":"","inStock":"","labels":""}
1.10.2023, 1:27:29 - INFO - Req was made | /
1.10.2023, 1:27:29 - DEBUG - Getting Toys | {"txt":"","inStock":"","labels":""}
1.10.2023, 1:27:37 - INFO - server.js is loaded
1.10.2023, 1:27:41 - INFO - Req was made | /
1.10.2023, 1:27:41 - DEBUG - Getting Toys | {"txt":"","inStock":"","labels":""}
1.10.2023, 1:27:41 - INFO - Req was made | /
1.10.2023, 1:27:41 - DEBUG - Getting Toys | {"txt":"","inStock":"","labels":""}
1.10.2023, 1:28:49 - INFO - server.js is loaded
1.10.2023, 1:28:51 - INFO - Req was made | /
1.10.2023, 1:28:51 - DEBUG - Getting Toys | {"txt":"","inStock":"","labels":""}
1.10.2023, 1:28:51 - INFO - Req was made | /
1.10.2023, 1:28:51 - DEBUG - Getting Toys | {"txt":"","inStock":"","labels":""}
1.10.2023, 1:28:54 - INFO - Req was made | /
1.10.2023, 1:28:54 - DEBUG - Getting Toys | {"txt":"a","inStock":"","labels":""}
1.10.2023, 1:28:55 - INFO - Req was made | /
1.10.2023, 1:28:55 - DEBUG - Getting Toys | {"txt":"r","inStock":"","labels":""}
1.10.2023, 1:28:56 - INFO - Req was made | /
1.10.2023, 1:28:56 - DEBUG - Getting Toys | {"txt":"ro","inStock":"","labels":""}
1.10.2023, 1:28:58 - INFO - Req was made | /
1.10.2023, 1:28:58 - DEBUG - Getting Toys | {"txt":"rob","inStock":"","labels":""}
1.10.2023, 1:28:59 - INFO - Req was made | /
1.10.2023, 1:28:59 - DEBUG - Getting Toys | {"txt":"","inStock":"","labels":""}
1.10.2023, 1:29:07 - INFO - server.js is loaded
1.10.2023, 1:29:26 - INFO - Req was made | /
1.10.2023, 1:29:26 - DEBUG - Getting Toys | {"txt":"","inStock":"true","labels":""}
1.10.2023, 1:29:27 - INFO - Req was made | /
1.10.2023, 1:29:27 - DEBUG - Getting Toys | {"txt":"","inStock":"false","labels":""}
1.10.2023, 1:29:32 - INFO - Req was made | /
1.10.2023, 1:29:32 - DEBUG - Getting Toys | {"txt":"","inStock":"false","labels":["Doll"]}
1.10.2023, 1:29:33 - INFO - Req was made | /
1.10.2023, 1:29:33 - DEBUG - Getting Toys | {"txt":"","inStock":"false","labels":""}
1.10.2023, 1:30:21 - INFO - server.js is loaded
1.10.2023, 1:30:22 - INFO - Req was made | /
1.10.2023, 1:30:22 - DEBUG - Getting Toys | {"txt":"","inStock":"","labels":""}
1.10.2023, 1:30:22 - INFO - Req was made | /
1.10.2023, 1:30:22 - DEBUG - Getting Toys | {"txt":"","inStock":"","labels":""}
1.10.2023, 1:30:36 - INFO - server.js is loaded
1.10.2023, 1:30:41 - INFO - Req was made | /
1.10.2023, 1:30:41 - DEBUG - Getting Toys | {"txt":"","inStock":"","labels":""}
1.10.2023, 1:30:42 - INFO - Req was made | /
1.10.2023, 1:30:42 - DEBUG - Getting Toys | {"txt":"","inStock":"","labels":""}
1.10.2023, 1:30:52 - INFO - server.js is loaded
1.10.2023, 1:30:54 - INFO - Req was made | /
1.10.2023, 1:30:54 - DEBUG - Getting Toys | {"txt":"","inStock":"","labels":""}
1.10.2023, 1:30:54 - INFO - Req was made | /
1.10.2023, 1:30:54 - DEBUG - Getting Toys | {"txt":"","inStock":"","labels":""}
1.10.2023, 1:31:01 - INFO - Req was made | /
1.10.2023, 1:31:01 - DEBUG - Getting Toys | {"txt":"","inStock":true,"labels":""}
1.10.2023, 1:31:06 - INFO - Req was made | /
1.10.2023, 1:31:06 - DEBUG - Getting Toys | {"txt":"","inStock":true,"labels":""}
1.10.2023, 1:31:23 - INFO - Req was made | /
1.10.2023, 1:31:23 - DEBUG - Getting Toys | {"txt":"","inStock":true,"labels":""}
1.10.2023, 1:31:30 - INFO - server.js is loaded
1.10.2023, 1:31:38 - INFO - server.js is loaded
1.10.2023, 1:31:45 - INFO - server.js is loaded
1.10.2023, 1:31:46 - INFO - Req was made | /
1.10.2023, 1:31:46 - DEBUG - Getting Toys | {"txt":"","labels":""}
1.10.2023, 1:31:46 - INFO - Req was made | /
1.10.2023, 1:31:46 - DEBUG - Getting Toys | {"txt":"","labels":""}
1.10.2023, 1:31:53 - INFO - Req was made | /
1.10.2023, 1:31:53 - DEBUG - Getting Toys | {"txt":"","labels":""}
1.10.2023, 1:31:55 - INFO - Req was made | /
1.10.2023, 1:31:55 - DEBUG - Getting Toys | {"txt":"","labels":""}
1.10.2023, 1:32:04 - INFO - Req was made | /
1.10.2023, 1:32:04 - DEBUG - Getting Toys | {"txt":"r","labels":""}
1.10.2023, 1:32:06 - INFO - Req was made | /
1.10.2023, 1:32:06 - DEBUG - Getting Toys | {"txt":"","labels":""}
1.10.2023, 1:32:07 - INFO - Req was made | /
1.10.2023, 1:32:07 - DEBUG - Getting Toys | {"txt":"p","labels":""}
1.10.2023, 1:32:09 - INFO - Req was made | /
1.10.2023, 1:32:09 - DEBUG - Getting Toys | {"txt":"","labels":""}
1.10.2023, 1:32:11 - INFO - Req was made | /
1.10.2023, 1:32:11 - DEBUG - Getting Toys | {"txt":"","labels":["Doll"]}
1.10.2023, 1:32:13 - INFO - Req was made | /
1.10.2023, 1:32:13 - DEBUG - Getting Toys | {"txt":"","labels":""}
1.10.2023, 1:32:14 - INFO - Req was made | /
1.10.2023, 1:32:14 - DEBUG - Getting Toys | {"txt":"","labels":["Educational"]}
1.10.2023, 1:32:15 - INFO - Req was made | /
1.10.2023, 1:32:15 - DEBUG - Getting Toys | {"txt":"","labels":""}
1.10.2023, 1:32:17 - INFO - Req was made | /
1.10.2023, 1:32:17 - DEBUG - Getting Toys | {"txt":"","labels":["Puzzle"]}
1.10.2023, 1:32:18 - INFO - Req was made | /
1.10.2023, 1:32:18 - DEBUG - Getting Toys | {"txt":"","labels":""}
1.10.2023, 1:32:18 - INFO - Req was made | /
1.10.2023, 1:32:18 - DEBUG - Getting Toys | {"txt":"","labels":["Teddy Bear"]}
1.10.2023, 1:32:19 - INFO - Req was made | /
1.10.2023, 1:32:19 - DEBUG - Getting Toys | {"txt":"","labels":""}
1.10.2023, 1:32:41 - INFO - server.js is loaded
1.10.2023, 1:33:06 - INFO - server.js is loaded
1.10.2023, 1:33:07 - INFO - Req was made | /
1.10.2023, 1:33:07 - DEBUG - Getting Toys | {"txt":"","inStock":"","labels":""}
1.10.2023, 1:33:08 - INFO - Req was made | /
1.10.2023, 1:33:08 - DEBUG - Getting Toys | {"txt":"","inStock":"","labels":""}
1.10.2023, 1:33:22 - INFO - server.js is loaded
1.10.2023, 1:33:22 - INFO - Req was made | /
1.10.2023, 1:33:22 - DEBUG - Getting Toys | {"txt":"","inStock":"","labels":""}
1.10.2023, 1:33:22 - INFO - Req was made | /
1.10.2023, 1:33:22 - DEBUG - Getting Toys | {"txt":"","inStock":"","labels":""}
1.10.2023, 1:33:30 - INFO - Req was made | /
1.10.2023, 1:33:30 - DEBUG - Getting Toys | {"txt":"","inStock":"true","labels":""}
1.10.2023, 1:33:33 - INFO - Req was made | /
1.10.2023, 1:33:33 - DEBUG - Getting Toys | {"txt":"","inStock":"false","labels":""}
1.10.2023, 1:33:56 - INFO - server.js is loaded
1.10.2023, 1:34:07 - INFO - server.js is loaded
1.10.2023, 1:34:12 - INFO - Req was made | /
1.10.2023, 1:34:12 - DEBUG - Getting Toys | {"txt":"","inStock":"","labels":""}
1.10.2023, 1:34:12 - INFO - Req was made | /
1.10.2023, 1:34:12 - DEBUG - Getting Toys | {"txt":"","inStock":"","labels":""}
1.10.2023, 1:34:16 - INFO - Req was made | /
1.10.2023, 1:34:16 - DEBUG - Getting Toys | {"txt":"","inStock":"true","labels":""}
1.10.2023, 1:34:26 - INFO - server.js is loaded
1.10.2023, 1:34:28 - INFO - Req was made | /
1.10.2023, 1:34:28 - DEBUG - Getting Toys | {"txt":"","inStock":"","labels":""}
1.10.2023, 1:34:28 - INFO - Req was made | /
1.10.2023, 1:34:28 - DEBUG - Getting Toys | {"txt":"","inStock":"","labels":""}
1.10.2023, 1:34:39 - INFO - Req was made | /
1.10.2023, 1:34:39 - DEBUG - Getting Toys | {"txt":"","inStock":"true","labels":""}
1.10.2023, 1:34:41 - INFO - Req was made | /
1.10.2023, 1:34:41 - DEBUG - Getting Toys | {"txt":"","inStock":"false","labels":""}
1.10.2023, 1:34:43 - INFO - Req was made | /
1.10.2023, 1:34:43 - DEBUG - Getting Toys | {"txt":"","inStock":"","labels":""}
1.10.2023, 1:34:55 - INFO - Req was made | /
1.10.2023, 1:34:55 - DEBUG - Getting Toys | {"txt":"","inStock":"true","labels":""}
1.10.2023, 1:35:00 - INFO - Req was made | /
1.10.2023, 1:35:00 - DEBUG - Getting Toys | {"txt":"","inStock":"false","labels":""}
1.10.2023, 1:35:10 - INFO - server.js is loaded
1.10.2023, 1:35:10 - INFO - Req was made | /
1.10.2023, 1:35:10 - DEBUG - Getting Toys | {"txt":"","inStock":"","labels":""}
1.10.2023, 1:35:11 - INFO - Req was made | /
1.10.2023, 1:35:11 - DEBUG - Getting Toys | {"txt":"","inStock":"","labels":""}
1.10.2023, 1:35:13 - INFO - Req was made | /
1.10.2023, 1:35:13 - DEBUG - Getting Toys | {"txt":"","inStock":"true","labels":""}
1.10.2023, 1:35:17 - INFO - Req was made | /
1.10.2023, 1:35:17 - DEBUG - Getting Toys | {"txt":"","inStock":"false","labels":""}
1.10.2023, 1:35:26 - INFO - server.js is loaded
1.10.2023, 1:35:28 - INFO - Req was made | /
1.10.2023, 1:35:28 - DEBUG - Getting Toys | {"txt":"","inStock":"","labels":""}
1.10.2023, 1:35:30 - INFO - Req was made | /
1.10.2023, 1:35:30 - DEBUG - Getting Toys | {"txt":"","inStock":"","labels":""}
1.10.2023, 1:35:30 - INFO - Req was made | /
1.10.2023, 1:35:30 - DEBUG - Getting Toys | {"txt":"","inStock":"","labels":""}
1.10.2023, 1:35:46 - INFO - server.js is loaded
1.10.2023, 1:35:47 - INFO - Req was made | /
1.10.2023, 1:35:47 - DEBUG - Getting Toys | {"txt":"","inStock":"","labels":""}
1.10.2023, 1:35:47 - INFO - Req was made | /
1.10.2023, 1:35:47 - DEBUG - Getting Toys | {"txt":"","inStock":"","labels":""}
1.10.2023, 1:35:49 - INFO - Req was made | /
1.10.2023, 1:35:49 - DEBUG - Getting Toys | {"txt":"","inStock":"true","labels":""}
1.10.2023, 1:35:51 - INFO - Req was made | /
1.10.2023, 1:35:51 - DEBUG - Getting Toys | {"txt":"","inStock":"false","labels":""}
1.10.2023, 1:35:53 - INFO - Req was made | /
1.10.2023, 1:35:53 - DEBUG - Getting Toys | {"txt":"","inStock":"","labels":""}
1.10.2023, 1:36:02 - INFO - server.js is loaded
1.10.2023, 1:36:03 - INFO - Req was made | /
1.10.2023, 1:36:03 - DEBUG - Getting Toys | {"txt":"","inStock":"","labels":""}
1.10.2023, 1:36:03 - INFO - Req was made | /
1.10.2023, 1:36:03 - DEBUG - Getting Toys | {"txt":"","inStock":"","labels":""}
1.10.2023, 1:36:18 - INFO - Req was made | /
1.10.2023, 1:36:18 - DEBUG - Getting Toys | {"txt":"","inStock":"false","labels":""}
1.10.2023, 1:36:25 - INFO - Req was made | /
1.10.2023, 1:36:25 - DEBUG - Getting Toys | {"txt":"","inStock":"false","labels":""}
1.10.2023, 1:36:32 - INFO - Req was made | /
1.10.2023, 1:36:32 - DEBUG - Getting Toys | {"txt":"","inStock":"false","labels":""}
1.10.2023, 1:36:32 - INFO - Req was made | /
1.10.2023, 1:36:32 - DEBUG - Getting Toys | {"txt":"","inStock":"false","labels":""}
1.10.2023, 1:36:35 - INFO - Req was made | /
1.10.2023, 1:36:35 - DEBUG - Getting Toys | {"txt":"","inStock":"false","labels":""}
1.10.2023, 1:36:39 - INFO - Req was made | /
1.10.2023, 1:36:39 - DEBUG - Getting Toys | {"txt":"","inStock":"false","labels":""}
1.10.2023, 1:36:40 - INFO - Req was made | /
1.10.2023, 1:36:40 - DEBUG - Getting Toys | {"txt":"","inStock":"false","labels":""}
1.10.2023, 1:36:42 - INFO - Req was made | /
1.10.2023, 1:36:42 - DEBUG - Getting Toys | {"txt":"","inStock":"","labels":""}
1.10.2023, 1:36:44 - INFO - Req was made | /
1.10.2023, 1:36:44 - DEBUG - Getting Toys | {"txt":"","inStock":"","labels":""}
1.10.2023, 1:36:53 - INFO - Req was made | /
1.10.2023, 1:36:53 - DEBUG - Getting Toys | {"txt":"","inStock":"","labels":""}
1.10.2023, 1:36:53 - INFO - Req was made | /
1.10.2023, 1:36:53 - DEBUG - Getting Toys | {"txt":"","inStock":"","labels":""}
1.10.2023, 1:36:55 - INFO - Req was made | /
1.10.2023, 1:36:55 - DEBUG - Getting Toys | {"txt":"","inStock":"false","labels":""}
1.10.2023, 1:36:56 - INFO - Req was made | /
1.10.2023, 1:36:56 - DEBUG - Getting Toys | {"txt":"","inStock":"false","labels":""}
1.10.2023, 1:37:08 - INFO - Req was made | /
1.10.2023, 1:37:08 - DEBUG - Getting Toys | {"txt":"","inStock":"false","labels":""}
1.10.2023, 1:37:08 - INFO - Req was made | /
1.10.2023, 1:37:08 - DEBUG - Getting Toys | {"txt":"","inStock":"false","labels":""}
1.10.2023, 1:37:10 - INFO - Req was made | /
1.10.2023, 1:37:10 - DEBUG - Getting Toys | {"txt":"","inStock":"","labels":""}
1.10.2023, 1:37:11 - INFO - Req was made | /
1.10.2023, 1:37:11 - DEBUG - Getting Toys | {"txt":"","inStock":"","labels":""}
1.10.2023, 1:37:41 - INFO - Req was made | /
1.10.2023, 1:37:41 - DEBUG - Getting Toys | {"txt":"","inStock":"","labels":""}
1.10.2023, 1:37:41 - INFO - Req was made | /
1.10.2023, 1:37:41 - DEBUG - Getting Toys | {"txt":"","inStock":"","labels":""}
1.10.2023, 1:37:55 - INFO - Req was made | /
1.10.2023, 1:37:55 - DEBUG - Getting Toys | {"txt":"","inStock":"","labels":""}
1.10.2023, 1:37:56 - INFO - Req was made | /
1.10.2023, 1:37:56 - DEBUG - Getting Toys | {"txt":"","inStock":"","labels":""}
1.10.2023, 1:38:03 - INFO - Req was made | /
1.10.2023, 1:38:03 - DEBUG - Getting Toys | {"txt":"","inStock":"","labels":""}
1.10.2023, 1:38:03 - INFO - Req was made | /
1.10.2023, 1:38:03 - DEBUG - Getting Toys | {"txt":"","inStock":"","labels":""}
1.10.2023, 1:52:22 - INFO - Req was made | /
1.10.2023, 1:52:22 - DEBUG - Getting Toys | {"txt":"","inStock":"","labels":""}
1.10.2023, 1:52:22 - INFO - Req was made | /
1.10.2023, 1:52:22 - DEBUG - Getting Toys | {"txt":"","inStock":"","labels":""}
1.10.2023, 1:52:24 - INFO - Req was made | /
1.10.2023, 1:52:24 - DEBUG - Getting Toys | {"txt":"","inStock":"","labels":""}
1.10.2023, 1:52:24 - INFO - Req was made | /
1.10.2023, 1:52:24 - DEBUG - Getting Toys | {"txt":"","inStock":"","labels":""}
1.10.2023, 1:52:55 - INFO - Req was made | /
1.10.2023, 1:52:55 - DEBUG - Getting Toys | {"txt":"","inStock":"","labels":""}
1.10.2023, 1:52:55 - INFO - Req was made | /
1.10.2023, 1:52:55 - DEBUG - Getting Toys | {"txt":"","inStock":"","labels":""}
1.10.2023, 1:53:30 - INFO - Req was made | /
1.10.2023, 1:53:30 - DEBUG - Getting Toys | {"txt":"","inStock":"","labels":""}
1.10.2023, 1:53:35 - INFO - Req was made | /
1.10.2023, 1:53:35 - DEBUG - Getting Toys | {"txt":"","inStock":"","labels":""}
1.10.2023, 1:53:36 - INFO - Req was made | /
1.10.2023, 1:53:36 - DEBUG - Getting Toys | {"txt":"","inStock":"","labels":""}
1.10.2023, 1:54:03 - INFO - Req was made | /
1.10.2023, 1:54:03 - DEBUG - Getting Toys | {"txt":"","inStock":"","labels":""}
1.10.2023, 1:54:15 - INFO - Req was made | /
1.10.2023, 1:54:15 - DEBUG - Getting Toys | {"txt":"","inStock":"","labels":""}
1.10.2023, 1:54:31 - INFO - Req was made | /
1.10.2023, 1:54:31 - DEBUG - Getting Toys | {"txt":"","inStock":"","labels":""}
1.10.2023, 1:54:31 - INFO - Req was made | /
1.10.2023, 1:54:31 - DEBUG - Getting Toys | {"txt":"","inStock":"","labels":""}
1.10.2023, 1:54:36 - INFO - Req was made | /
1.10.2023, 1:54:36 - DEBUG - Getting Toys | {"txt":"","inStock":"","labels":""}
1.10.2023, 1:54:37 - INFO - Req was made | /
1.10.2023, 1:54:37 - DEBUG - Getting Toys | {"txt":"","inStock":"","labels":""}
1.10.2023, 1:55:41 - INFO - Req was made | /
1.10.2023, 1:55:41 - DEBUG - Getting Toys | {"txt":"","inStock":"","labels":""}
1.10.2023, 1:55:42 - INFO - Req was made | /
1.10.2023, 1:55:42 - DEBUG - Getting Toys | {"txt":"","inStock":"","labels":""}
1.10.2023, 1:58:00 - INFO - Req was made | /
1.10.2023, 1:58:00 - DEBUG - Getting Toys | {"txt":"","inStock":"","labels":""}
1.10.2023, 1:58:39 - INFO - Req was made | /
1.10.2023, 1:58:39 - DEBUG - Getting Toys | {"txt":"","inStock":"","labels":""}
1.10.2023, 1:58:39 - INFO - Req was made | /
1.10.2023, 1:58:39 - DEBUG - Getting Toys | {"txt":"","inStock":"","labels":""}
1.10.2023, 1:59:27 - INFO - Req was made | /
1.10.2023, 1:59:27 - DEBUG - Getting Toys | {"txt":"","inStock":"","labels":""}
1.10.2023, 1:59:27 - INFO - Req was made | /
1.10.2023, 1:59:27 - DEBUG - Getting Toys | {"txt":"","inStock":"","labels":""}
1.10.2023, 2:00:44 - INFO - Req was made | /
1.10.2023, 2:00:44 - DEBUG - Getting Toys | {"txt":"","inStock":"","labels":""}
1.10.2023, 2:00:44 - INFO - Req was made | /
1.10.2023, 2:00:44 - DEBUG - Getting Toys | {"txt":"","inStock":"","labels":""}
1.10.2023, 2:00:45 - INFO - Req was made | /
1.10.2023, 2:00:45 - DEBUG - Getting Toys | {"txt":"","inStock":"false","labels":""}
1.10.2023, 2:00:48 - INFO - Req was made | /
1.10.2023, 2:00:48 - DEBUG - Getting Toys | {"txt":"","inStock":"","labels":""}
1.10.2023, 2:00:55 - INFO - Req was made | /
1.10.2023, 2:00:55 - DEBUG - Getting Toys | {"txt":"","inStock":"true","labels":""}
1.10.2023, 2:00:59 - INFO - Req was made | /
1.10.2023, 2:00:59 - DEBUG - Getting Toys | {"txt":"","inStock":"","labels":""}
1.10.2023, 2:04:52 - INFO - Req was made | /
1.10.2023, 2:04:52 - DEBUG - Getting Toys | {"txt":"","inStock":"","labels":""}
1.10.2023, 2:04:52 - INFO - Req was made | /
1.10.2023, 2:04:52 - DEBUG - Getting Toys | {"txt":"","inStock":"","labels":""}
1.10.2023, 2:46:00 - INFO - Req was made | /
1.10.2023, 2:46:00 - DEBUG - Getting Toys | {"txt":"","inStock":"","labels":""}
1.10.2023, 2:49:15 - INFO - Req was made | /
1.10.2023, 2:49:15 - DEBUG - Getting Toys | {"txt":"","inStock":"","labels":""}
1.10.2023, 2:50:02 - INFO - Req was made | /
1.10.2023, 2:50:02 - DEBUG - Getting Toys | {"txt":"","inStock":"","labels":""}
1.10.2023, 2:50:02 - INFO - Req was made | /
1.10.2023, 2:50:02 - DEBUG - Getting Toys | {"txt":"","inStock":"","labels":""}
1.10.2023, 2:50:31 - ERROR - cannot insert toy | MongoError: E11000 duplicate key error collection: toy_db.toy index: _id_ dup key: { _id: "" }
1.10.2023, 2:50:31 - ERROR - Failed to add toy | MongoError: E11000 duplicate key error collection: toy_db.toy index: _id_ dup key: { _id: "" }
1.10.2023, 2:51:22 - INFO - Req was made | /
1.10.2023, 2:51:22 - DEBUG - Getting Toys | {"txt":"","inStock":"","labels":""}
1.10.2023, 2:51:22 - INFO - Req was made | /
1.10.2023, 2:51:22 - DEBUG - Getting Toys | {"txt":"","inStock":"","labels":""}
1.10.2023, 2:51:29 - INFO - Req was made | /
1.10.2023, 2:51:29 - DEBUG - Getting Toys | {"txt":"","inStock":"","labels":""}
1.10.2023, 2:51:30 - INFO - Req was made | /
1.10.2023, 2:51:30 - DEBUG - Getting Toys | {"txt":"","inStock":"","labels":""}
1.10.2023, 2:51:38 - ERROR - cannot insert toy | MongoError: E11000 duplicate key error collection: toy_db.toy index: _id_ dup key: { _id: "" }
1.10.2023, 2:51:38 - ERROR - Failed to add toy | MongoError: E11000 duplicate key error collection: toy_db.toy index: _id_ dup key: { _id: "" }
1.10.2023, 2:52:20 - INFO - Req was made | /
1.10.2023, 2:52:20 - DEBUG - Getting Toys | {"txt":"","inStock":"","labels":""}
1.10.2023, 2:52:20 - INFO - Req was made | /
1.10.2023, 2:52:20 - DEBUG - Getting Toys | {"txt":"","inStock":"","labels":""}
1.10.2023, 2:52:21 - ERROR - cannot insert toy | MongoError: E11000 duplicate key error collection: toy_db.toy index: _id_ dup key: { _id: "" }
1.10.2023, 2:52:21 - ERROR - Failed to add toy | MongoError: E11000 duplicate key error collection: toy_db.toy index: _id_ dup key: { _id: "" }
1.10.2023, 2:52:51 - INFO - Req was made | /
1.10.2023, 2:52:51 - DEBUG - Getting Toys | {"txt":"","inStock":"","labels":""}
1.10.2023, 2:52:52 - INFO - Req was made | /
1.10.2023, 2:52:52 - DEBUG - Getting Toys | {"txt":"","inStock":"","labels":""}
1.10.2023, 2:52:55 - ERROR - cannot insert toy | MongoError: E11000 duplicate key error collection: toy_db.toy index: _id_ dup key: { _id: "" }
1.10.2023, 2:52:55 - ERROR - Failed to add toy | MongoError: E11000 duplicate key error collection: toy_db.toy index: _id_ dup key: { _id: "" }
1.10.2023, 2:59:05 - INFO - server.js is loaded
1.10.2023, 2:59:09 - INFO - Req was made | /
1.10.2023, 2:59:09 - DEBUG - Getting Toys | {"txt":"","inStock":"","labels":""}
1.10.2023, 2:59:09 - INFO - Req was made | /
1.10.2023, 2:59:09 - DEBUG - Getting Toys | {"txt":"","inStock":"","labels":""}
1.10.2023, 2:59:10 - ERROR - cannot insert toy | MongoError: E11000 duplicate key error collection: toy_db.toy index: _id_ dup key: { _id: "" }
1.10.2023, 2:59:10 - ERROR - Failed to add toy | MongoError: E11000 duplicate key error collection: toy_db.toy index: _id_ dup key: { _id: "" }
1.10.2023, 2:59:23 - INFO - server.js is loaded
1.10.2023, 3:00:11 - INFO - server.js is loaded
1.10.2023, 3:00:13 - ERROR - cannot insert toy | MongoError: E11000 duplicate key error collection: toy_db.toy index: _id_ dup key: { _id: "" }
1.10.2023, 3:00:13 - ERROR - Failed to add toy | MongoError: E11000 duplicate key error collection: toy_db.toy index: _id_ dup key: { _id: "" }
1.10.2023, 3:00:26 - ERROR - cannot insert toy | MongoError: E11000 duplicate key error collection: toy_db.toy index: _id_ dup key: { _id: "" }
1.10.2023, 3:00:26 - ERROR - Failed to add toy | MongoError: E11000 duplicate key error collection: toy_db.toy index: _id_ dup key: { _id: "" }
1.10.2023, 3:00:30 - INFO - Req was made | /
1.10.2023, 3:00:30 - DEBUG - Getting Toys | {"txt":"","inStock":"","labels":""}
1.10.2023, 3:00:30 - INFO - Req was made | /
1.10.2023, 3:00:30 - DEBUG - Getting Toys | {"txt":"","inStock":"","labels":""}
1.10.2023, 3:00:31 - ERROR - cannot insert toy | MongoError: E11000 duplicate key error collection: toy_db.toy index: _id_ dup key: { _id: "" }
1.10.2023, 3:00:31 - ERROR - Failed to add toy | MongoError: E11000 duplicate key error collection: toy_db.toy index: _id_ dup key: { _id: "" }
1.10.2023, 3:00:45 - INFO - server.js is loaded
1.10.2023, 3:01:05 - INFO - Req was made | /
1.10.2023, 3:01:05 - DEBUG - Getting Toys | {"txt":"","inStock":"","labels":""}
1.10.2023, 3:01:07 - INFO - Req was made | /
1.10.2023, 3:01:07 - DEBUG - Getting Toys | {"txt":"","inStock":"","labels":""}
1.10.2023, 3:01:07 - INFO - Req was made | /
1.10.2023, 3:01:07 - DEBUG - Getting Toys | {"txt":"","inStock":"","labels":""}
1.10.2023, 3:01:17 - INFO - Req was made | /
1.10.2023, 3:01:17 - DEBUG - Getting Toys | {"txt":"","inStock":"","labels":""}
1.10.2023, 3:01:17 - INFO - Req was made | /
1.10.2023, 3:01:17 - DEBUG - Getting Toys | {"txt":"","inStock":"","labels":""}
1.10.2023, 3:01:27 - INFO - Req was made | /
1.10.2023, 3:01:27 - DEBUG - Getting Toys | {"txt":"","inStock":"","labels":""}
1.10.2023, 3:01:28 - INFO - Req was made | /
1.10.2023, 3:01:28 - DEBUG - Getting Toys | {"txt":"","inStock":"","labels":""}
1.10.2023, 3:01:31 - INFO - Req was made | /
1.10.2023, 3:01:31 - DEBUG - Getting Toys | {"txt":"","inStock":"","labels":""}
1.10.2023, 3:14:40 - INFO - Req was made | /
1.10.2023, 3:14:40 - DEBUG - Getting Toys | {"txt":"","inStock":"","labels":""}
1.10.2023, 3:14:41 - INFO - Req was made | /
1.10.2023, 3:14:41 - DEBUG - Getting Toys | {"txt":"","inStock":"","labels":""}
1.10.2023, 3:15:27 - INFO - Req was made | /
1.10.2023, 3:15:27 - DEBUG - Getting Toys | {"txt":"","inStock":"","labels":""}
1.10.2023, 3:15:27 - INFO - Req was made | /
1.10.2023, 3:15:27 - DEBUG - Getting Toys | {"txt":"","inStock":"","labels":""}
1.10.2023, 3:16:26 - INFO - Req was made | /
1.10.2023, 3:16:26 - DEBUG - Getting Toys | {"txt":"","inStock":"","labels":""}
1.10.2023, 3:16:39 - INFO - Req was made | /
1.10.2023, 3:16:39 - DEBUG - Getting Toys | {"txt":"","inStock":"","labels":""}
1.10.2023, 3:16:39 - INFO - Req was made | /
1.10.2023, 3:16:39 - DEBUG - Getting Toys | {"txt":"","inStock":"","labels":""}
1.10.2023, 3:17:25 - DEBUG - Getting Toys | {"txt":"","inStock":"","labels":""}
1.10.2023, 3:17:25 - INFO - Req was made | /
1.10.2023, 3:21:32 - INFO - Req was made | /
1.10.2023, 3:21:32 - DEBUG - Getting Toys | {"txt":"","inStock":"","labels":""}
1.10.2023, 3:23:41 - INFO - Req was made | /
1.10.2023, 3:23:41 - DEBUG - Getting Toys | {"txt":"","inStock":"","labels":""}
1.10.2023, 3:23:41 - INFO - Req was made | /
1.10.2023, 3:23:41 - DEBUG - Getting Toys | {"txt":"","inStock":"","labels":""}
1.10.2023, 3:23:45 - INFO - Req was made | /
1.10.2023, 3:23:45 - DEBUG - Getting Toys | {"txt":"","inStock":"","labels":""}
1.10.2023, 3:23:55 - INFO - Req was made | /
1.10.2023, 3:23:55 - DEBUG - Getting Toys | {"txt":"","inStock":"","labels":""}
1.10.2023, 3:24:15 - INFO - Req was made | /
1.10.2023, 3:24:15 - DEBUG - Getting Toys | {"txt":"","inStock":"","labels":""}
1.10.2023, 3:24:16 - INFO - Req was made | /
1.10.2023, 3:24:16 - DEBUG - Getting Toys | {"txt":"","inStock":"","labels":""}
1.10.2023, 3:24:25 - INFO - Req was made | /
1.10.2023, 3:24:25 - DEBUG - Getting Toys | {"txt":"","inStock":"","labels":""}
1.10.2023, 3:24:26 - INFO - Req was made | /
1.10.2023, 3:24:26 - DEBUG - Getting Toys | {"txt":"","inStock":"","labels":""}
1.10.2023, 3:24:26 - INFO - Req was made | /
1.10.2023, 3:24:26 - DEBUG - Getting Toys | {"txt":"","inStock":"","labels":""}
1.10.2023, 3:24:39 - INFO - Req was made | /
1.10.2023, 3:24:39 - DEBUG - Getting Toys | {"txt":"","inStock":"","labels":""}
1.10.2023, 3:25:16 - INFO - Req was made | /
1.10.2023, 3:25:16 - DEBUG - Getting Toys | {"txt":"","inStock":"","labels":""}
1.10.2023, 3:25:21 - INFO - Req was made | /
1.10.2023, 3:25:21 - DEBUG - Getting Toys | {"txt":"","inStock":"","labels":""}
1.10.2023, 3:29:38 - INFO - server.js is loaded
1.10.2023, 3:30:47 - INFO - Req was made | /
1.10.2023, 3:30:47 - DEBUG - Getting Toys | {"txt":"","inStock":"","labels":""}
1.10.2023, 3:30:47 - INFO - Req was made | /
1.10.2023, 3:30:47 - DEBUG - Getting Toys | {"txt":"","inStock":"","labels":""}
1.10.2023, 3:30:50 - INFO - Req was made | /
1.10.2023, 3:30:50 - DEBUG - Getting Toys | {"txt":"","inStock":"","labels":""}
1.10.2023, 8:45:12 - INFO - Req was made | /
1.10.2023, 8:45:12 - DEBUG - Getting Toys | {"txt":"","inStock":"","labels":""}
1.10.2023, 8:45:12 - INFO - Req was made | /
1.10.2023, 8:45:12 - DEBUG - Getting Toys | {"txt":"","inStock":"","labels":""}
1.10.2023, 8:45:23 - INFO - Req was made | /
1.10.2023, 8:45:23 - DEBUG - Getting Toys | {"txt":"","inStock":"","labels":""}
1.10.2023, 8:45:23 - INFO - Req was made | /
1.10.2023, 8:45:23 - DEBUG - Getting Toys | {"txt":"","inStock":"","labels":""}
1.10.2023, 8:45:29 - INFO - Req was made | /
1.10.2023, 8:45:29 - DEBUG - Getting Toys | {"txt":"","inStock":"","labels":""}
1.10.2023, 8:45:33 - INFO - Req was made | /
1.10.2023, 8:45:33 - DEBUG - Getting Toys | {"txt":"","inStock":"","labels":""}
1.10.2023, 8:45:33 - INFO - Req was made | /
1.10.2023, 8:45:33 - DEBUG - Getting Toys | {"txt":"","inStock":"","labels":""}
1.10.2023, 9:42:51 - INFO - Req was made | /
1.10.2023, 9:42:51 - DEBUG - Getting Toys | {"txt":"","inStock":"","labels":""}
1.10.2023, 9:42:52 - INFO - Req was made | /
1.10.2023, 9:42:52 - DEBUG - Getting Toys | {"txt":"","inStock":"","labels":""}
1.10.2023, 9:45:32 - INFO - Req was made | /
1.10.2023, 9:45:32 - DEBUG - Getting Toys | {"txt":"","inStock":"","labels":""}
1.10.2023, 9:45:33 - INFO - Req was made | /
1.10.2023, 9:45:33 - DEBUG - Getting Toys | {"txt":"","inStock":"","labels":""}
1.10.2023, 9:45:34 - INFO - Req was made | /
1.10.2023, 9:45:34 - DEBUG - Getting Toys | {"txt":"","inStock":"","labels":""}
1.10.2023, 9:45:51 - INFO - Req was made | /
1.10.2023, 9:45:51 - DEBUG - Getting Toys | {"txt":"","inStock":"","labels":""}
1.10.2023, 9:45:51 - INFO - Req was made | /
1.10.2023, 9:45:51 - DEBUG - Getting Toys | {"txt":"","inStock":"","labels":""}
1.10.2023, 9:45:53 - INFO - Req was made | /
1.10.2023, 9:45:53 - DEBUG - Getting Toys | {"txt":"","inStock":"","labels":""}
1.10.2023, 9:46:02 - INFO - Req was made | /
1.10.2023, 9:46:02 - DEBUG - Getting Toys | {"txt":"","inStock":"","labels":""}
1.10.2023, 9:46:02 - INFO - Req was made | /
1.10.2023, 9:46:02 - DEBUG - Getting Toys | {"txt":"","inStock":"","labels":""}
1.10.2023, 9:46:02 - INFO - Req was made | /
1.10.2023, 9:46:02 - DEBUG - Getting Toys | {"txt":"","inStock":"","labels":""}
1.10.2023, 14:25:27 - INFO - Req was made | /
1.10.2023, 14:25:27 - DEBUG - Getting Toys | {"txt":"","inStock":"","labels":""}
1.10.2023, 14:25:29 - INFO - Req was made | /
1.10.2023, 14:25:29 - DEBUG - Getting Toys | {"txt":"","inStock":"","labels":""}
1.10.2023, 14:25:30 - INFO - Req was made | /
1.10.2023, 14:25:30 - DEBUG - Getting Toys | {"txt":"","inStock":"","labels":""}
1.10.2023, 15:45:27 - DEBUG - Getting Toys | {"txt":"","inStock":"","labels":""}
1.10.2023, 15:45:27 - INFO - Req was made | /
1.10.2023, 15:45:27 - INFO - Req was made | /
1.10.2023, 15:45:27 - DEBUG - Getting Toys | {"txt":"","inStock":"","labels":""}
1.10.2023, 15:45:29 - INFO - Req was made | /
1.10.2023, 15:45:29 - DEBUG - Getting Toys | {"txt":"","inStock":"","labels":""}
1.10.2023, 15:45:29 - INFO - Req was made | /
1.10.2023, 15:45:29 - DEBUG - Getting Toys | {"txt":"","inStock":"","labels":""}
1.10.2023, 15:45:50 - INFO - Req was made | /
1.10.2023, 15:45:50 - DEBUG - Getting Toys | {"txt":"","inStock":"","labels":""}
1.10.2023, 15:45:50 - INFO - Req was made | /
1.10.2023, 15:45:50 - DEBUG - Getting Toys | {"txt":"","inStock":"","labels":""}
1.10.2023, 15:46:12 - INFO - Req was made | /
1.10.2023, 15:46:12 - DEBUG - Getting Toys | {"txt":"","inStock":"","labels":""}
1.10.2023, 15:46:21 - INFO - Req was made | /
1.10.2023, 15:46:21 - DEBUG - Getting Toys | {"txt":"","inStock":"","labels":""}
1.10.2023, 15:46:21 - INFO - Req was made | /
1.10.2023, 15:46:21 - DEBUG - Getting Toys | {"txt":"","inStock":"","labels":""}
1.10.2023, 15:46:38 - INFO - Req was made | /
1.10.2023, 15:46:38 - DEBUG - Getting Toys | {"txt":"","inStock":"","labels":""}
1.10.2023, 15:46:39 - INFO - Req was made | /
1.10.2023, 15:46:39 - DEBUG - Getting Toys | {"txt":"","inStock":"","labels":""}
1.10.2023, 15:51:04 - INFO - Req was made | /
1.10.2023, 15:51:04 - DEBUG - Getting Toys | {"txt":"","inStock":"","labels":""}
1.10.2023, 15:51:04 - INFO - Req was made | /
1.10.2023, 15:51:04 - DEBUG - Getting Toys | {"txt":"","inStock":"","labels":""}
1.10.2023, 15:52:39 - INFO - Req was made | /
1.10.2023, 15:52:39 - DEBUG - Getting Toys | {"txt":"","inStock":"","labels":""}
1.10.2023, 15:52:40 - INFO - Req was made | /
1.10.2023, 15:52:40 - DEBUG - Getting Toys | {"txt":"","inStock":"","labels":""}
1.10.2023, 15:58:55 - INFO - server.js is loaded
1.10.2023, 15:59:03 - INFO - server.js is loaded
1.10.2023, 15:59:16 - DEBUG - Getting Toys | {"txt":"","inStock":null,"labels":null}
1.10.2023, 15:59:16 - INFO - Req was made | /
1.10.2023, 15:59:19 - INFO - Req was made | /
1.10.2023, 15:59:19 - DEBUG - Getting Toys | {"txt":"","inStock":null,"labels":null}
1.10.2023, 15:59:24 - INFO - Req was made | /
1.10.2023, 15:59:24 - DEBUG - Getting Toys | {"txt":"","inStock":null,"labels":null}
1.10.2023, 15:59:28 - INFO - Req was made | /
1.10.2023, 15:59:28 - DEBUG - Getting Toys | {"txt":"","inStock":null,"labels":null}
1.10.2023, 15:59:42 - INFO - Req was made | /
1.10.2023, 15:59:42 - DEBUG - Getting Toys | {"txt":"","inStock":null,"labels":null}
1.10.2023, 15:59:47 - INFO - Req was made | /
1.10.2023, 15:59:47 - DEBUG - Getting Toys | {"txt":"","inStock":null,"labels":["Doll"]}
1.10.2023, 15:59:48 - INFO - Req was made | /
1.10.2023, 15:59:48 - DEBUG - Getting Toys | {"txt":"","inStock":null,"labels":null}
1.10.2023, 15:59:49 - INFO - Req was made | /
1.10.2023, 15:59:49 - DEBUG - Getting Toys | {"txt":"","inStock":null,"labels":["Educational"]}
1.10.2023, 15:59:50 - INFO - Req was made | /
1.10.2023, 15:59:50 - DEBUG - Getting Toys | {"txt":"","inStock":null,"labels":null}
1.10.2023, 16:19:33 - INFO - Req was made | /
1.10.2023, 16:19:33 - DEBUG - Getting Toys | {"txt":"","inStock":null,"labels":null}
1.10.2023, 16:19:33 - INFO - Req was made | /
1.10.2023, 16:19:33 - DEBUG - Getting Toys | {"txt":"","inStock":null,"labels":null}
1.10.2023, 16:19:52 - DEBUG - auth.service - login with username: tamir
1.10.2023, 16:19:52 - INFO - User login:  | {"_id":"65183b701045fb56dc6ce4d5","username":"tamir","fullname":"tamir","score":0}
1.10.2023, 16:19:57 - DEBUG - auth.service - login with username: tamir
1.10.2023, 16:19:57 - INFO - User login:  | {"_id":"65183b701045fb56dc6ce4d5","username":"tamir","fullname":"tamir","score":0}
1.10.2023, 16:20:38 - DEBUG - auth.service - signup with username: tamir3, fullname: tamir 3
1.10.2023, 16:20:38 - DEBUG - auth.route - new account created: {"username":"tamir3","password":"$2b$10$NDZpLQSF7NKWy9wbLFyxM.6hRfJccvgrQ2OCUeeoJFUinl/ybVPMy","fullname":"tamir 3","score":0,"_id":"6519722614a5ad5eec511e0a"}
1.10.2023, 16:20:38 - DEBUG - auth.service - login with username: tamir3
1.10.2023, 16:20:54 - DEBUG - auth.service - login with username: tamir3
1.10.2023, 16:20:55 - INFO - User login:  | {"_id":"6519722614a5ad5eec511e0a","username":"tamir3","fullname":"tamir 3","score":0}
1.10.2023, 16:23:16 - DEBUG - auth.service - login with username: tamir3
1.10.2023, 16:23:16 - INFO - User login:  | {"_id":"6519722614a5ad5eec511e0a","username":"tamir3","fullname":"tamir 3","score":0}
1.10.2023, 16:23:22 - DEBUG - auth.service - login with username: tamir
1.10.2023, 16:23:22 - INFO - User login:  | {"_id":"65183b701045fb56dc6ce4d5","username":"tamir","fullname":"tamir","score":0}
1.10.2023, 16:24:29 - DEBUG - auth.service - login with username: tamir
1.10.2023, 16:24:30 - INFO - User login:  | {"_id":"65183b701045fb56dc6ce4d5","username":"tamir","fullname":"tamir","score":0}
1.10.2023, 16:24:43 - DEBUG - auth.service - login with username: puki
1.10.2023, 16:24:43 - INFO - User login:  | {"_id":"65183c710934655320a54c33","username":"puki","fullname":"puki","score":0}
1.10.2023, 16:38:02 - DEBUG - auth.service - login with username: tamir
1.10.2023, 16:38:03 - INFO - User login:  | {"_id":"65183b701045fb56dc6ce4d5","username":"tamir","fullname":"tamir","score":0}
1.10.2023, 16:39:42 - DEBUG - auth.service - login with username: tamir
1.10.2023, 16:39:43 - INFO - User login:  | {"_id":"65183b701045fb56dc6ce4d5","username":"tamir","fullname":"tamir","score":0}
1.10.2023, 17:26:03 - DEBUG - auth.service - login with username: tamir
1.10.2023, 17:26:04 - INFO - User login:  | {"_id":"65183b701045fb56dc6ce4d5","username":"tamir","fullname":"tamir","score":0}
1.10.2023, 17:41:46 - DEBUG - auth.service - login with username: tamir
1.10.2023, 17:41:46 - INFO - User login:  | {"_id":"65183b701045fb56dc6ce4d5","username":"tamir","fullname":"tamir","score":0}
1.10.2023, 17:42:21 - DEBUG - auth.service - login with username: tamir
1.10.2023, 17:42:21 - INFO - User login:  | {"_id":"65183b701045fb56dc6ce4d5","username":"tamir","fullname":"tamir","score":0}
1.10.2023, 17:43:40 - DEBUG - auth.service - login with username: puki
1.10.2023, 17:43:40 - INFO - User login:  | {"_id":"65183c710934655320a54c33","username":"puki","fullname":"puki","score":0}
1.10.2023, 17:43:45 - INFO - Req was made | /
1.10.2023, 17:43:45 - DEBUG - Getting Toys | {"txt":"","inStock":null,"labels":null}
1.10.2023, 17:43:46 - INFO - Req was made | /
1.10.2023, 17:43:46 - DEBUG - Getting Toys | {"txt":"","inStock":null,"labels":null}
1.10.2023, 17:43:46 - INFO - Req was made | /
1.10.2023, 17:43:46 - DEBUG - Getting Toys | {"txt":"","inStock":null,"labels":null}
1.10.2023, 17:46:02 - DEBUG - auth.service - login with username: tamir
1.10.2023, 17:46:02 - INFO - User login:  | {"_id":"65183b701045fb56dc6ce4d5","username":"tamir","fullname":"tamir","score":0}
1.10.2023, 17:46:20 - INFO - Req was made | /
1.10.2023, 17:46:20 - DEBUG - Getting Toys | {"txt":"","inStock":null,"labels":null}
1.10.2023, 17:46:20 - INFO - Req was made | /
1.10.2023, 17:46:20 - DEBUG - Getting Toys | {"txt":"","inStock":null,"labels":null}
1.10.2023, 17:46:23 - INFO - Req was made | /
1.10.2023, 17:46:23 - DEBUG - Getting Toys | {"txt":"","inStock":null,"labels":null}
1.10.2023, 17:46:48 - INFO - Req was made | /
1.10.2023, 17:46:48 - DEBUG - Getting Toys | {"txt":"","inStock":null,"labels":null}
1.10.2023, 17:46:48 - INFO - Req was made | /
1.10.2023, 17:46:48 - DEBUG - Getting Toys | {"txt":"","inStock":null,"labels":null}
1.10.2023, 17:50:44 - INFO - Req was made | /
1.10.2023, 17:50:44 - DEBUG - Getting Toys | {"txt":"","inStock":null,"labels":null}
1.10.2023, 17:50:52 - INFO - Req was made | /
1.10.2023, 17:50:52 - DEBUG - Getting Toys | {"txt":"","inStock":null,"labels":null}
1.10.2023, 17:50:53 - INFO - Req was made | /
1.10.2023, 17:50:53 - DEBUG - Getting Toys | {"txt":"","inStock":null,"labels":null}
1.10.2023, 17:50:55 - INFO - Req was made | /
1.10.2023, 17:50:55 - DEBUG - Getting Toys | {"txt":"","inStock":null,"labels":null}
1.10.2023, 17:50:57 - INFO - Req was made | /
1.10.2023, 17:50:57 - DEBUG - Getting Toys | {"txt":"","inStock":null,"labels":null}
1.10.2023, 17:50:58 - INFO - Req was made | /
1.10.2023, 17:50:58 - DEBUG - Getting Toys | {"txt":"","inStock":null,"labels":null}
1.10.2023, 17:50:59 - INFO - Req was made | /
1.10.2023, 17:50:59 - DEBUG - Getting Toys | {"txt":"","inStock":null,"labels":null}
1.10.2023, 17:51:10 - INFO - Req was made | /
1.10.2023, 17:51:10 - DEBUG - Getting Toys | {"txt":"","inStock":null,"labels":null}
1.10.2023, 17:51:11 - INFO - Req was made | /
1.10.2023, 17:51:11 - DEBUG - Getting Toys | {"txt":"","inStock":null,"labels":null}
1.10.2023, 17:59:24 - INFO - Req was made | /
1.10.2023, 17:59:24 - DEBUG - Getting Toys | {"txt":"","inStock":null,"labels":null}
1.10.2023, 17:59:25 - INFO - Req was made | /
1.10.2023, 17:59:25 - DEBUG - Getting Toys | {"txt":"","inStock":null,"labels":null}
1.10.2023, 18:40:44 - DEBUG - auth.service - login with username: puki
1.10.2023, 18:40:45 - INFO - User login:  | {"_id":"65183c710934655320a54c33","username":"puki","fullname":"puki","score":0}
1.10.2023, 18:40:47 - INFO - Req was made | /
1.10.2023, 18:40:47 - DEBUG - Getting Toys | {"txt":"","inStock":null,"labels":null}
1.10.2023, 18:40:48 - INFO - Req was made | /
1.10.2023, 18:40:48 - DEBUG - Getting Toys | {"txt":"","inStock":null,"labels":null}
1.10.2023, 18:50:38 - DEBUG - auth.service - login with username: tamir
1.10.2023, 18:50:38 - INFO - User login:  | {"_id":"65183b701045fb56dc6ce4d5","username":"tamir","fullname":"tamir","score":0}
2.10.2023, 8:13:20 - DEBUG - auth.service - login with username: tamir
2.10.2023, 8:13:20 - INFO - User login:  | {"_id":"65183b701045fb56dc6ce4d5","username":"tamir","fullname":"tamir","score":0}
2.10.2023, 8:13:24 - INFO - Req was made | /
2.10.2023, 8:13:24 - DEBUG - Getting Toys | {"txt":"","inStock":null,"labels":null}
2.10.2023, 8:13:24 - INFO - Req was made | /
2.10.2023, 8:13:24 - DEBUG - Getting Toys | {"txt":"","inStock":null,"labels":null}
2.10.2023, 8:18:39 - INFO - Req was made | /
2.10.2023, 8:18:39 - DEBUG - Getting Toys | {"txt":"","inStock":null,"labels":null}
2.10.2023, 8:19:00 - INFO - Req was made | /
2.10.2023, 8:19:00 - DEBUG - Getting Toys | {"txt":"","inStock":null,"labels":null}
2.10.2023, 8:21:31 - INFO - Req was made | /
2.10.2023, 8:21:31 - DEBUG - Getting Toys | {"txt":"","inStock":null,"labels":null}
2.10.2023, 8:21:47 - INFO - Req was made | /
2.10.2023, 8:21:47 - DEBUG - Getting Toys | {"txt":"","inStock":null,"labels":null}
2.10.2023, 8:21:48 - INFO - Req was made | /
2.10.2023, 8:21:48 - DEBUG - Getting Toys | {"txt":"","inStock":null,"labels":null}
2.10.2023, 8:24:38 - INFO - Req was made | /
2.10.2023, 8:24:38 - DEBUG - Getting Toys | {"txt":"","inStock":null,"labels":null}
2.10.2023, 8:24:38 - INFO - Req was made | /
2.10.2023, 8:24:38 - DEBUG - Getting Toys | {"txt":"","inStock":null,"labels":null}
2.10.2023, 8:31:17 - INFO - server.js is loaded
